2026-02-22 18:37:34,888 INFO httpx HTTP Request: GET https://data.alpaca.markets/v2/stocks/bars?symbols=AAPL%2CAMZN%2CGLD%2CGME%2CKO%2CMETA%2CNVDA%2CPG%2CSPY%2CTLT%2CTSLA%2CWMT&feed=iex&timeframe=1Min&limit=120 "HTTP/1.1 200 OK"
2026-02-22 18:37:34,888 INFO httpx HTTP Request: GET https://data.alpaca.markets/v1beta3/crypto/us/bars?symbols=BTC%2FUSD%2CETH%2FUSD%2CSOL%2FUSD&timeframe=1Min&limit=120 "HTTP/1.1 200 OK"
2026-02-22 18:37:35,191 INFO httpx HTTP Request: GET https://data.alpaca.markets/v2/stocks/snapshots?symbols=AAPL%2CAMZN%2CGLD%2CGME%2CKO%2CMETA%2CNVDA%2CPG%2CSPY%2CTLT%2CTSLA%2CWMT&feed=iex "HTTP/1.1 200 OK"
2026-02-22 18:37:35,500 INFO httpx HTTP Request: GET https://data.alpaca.markets/v1beta3/crypto/us/snapshots?symbols=BTC%2FUSD%2CETH%2FUSD%2CSOL%2FUSD "HTTP/1.1 200 OK"
2026-02-22 18:37:35,593 INFO trading_ai hive_running
2026-02-22 18:37:35,704 INFO httpx HTTP Request: GET https://feeds.a.dj.com/rss/RSSMarketsMain.xml "HTTP/1.1 200 OK"
2026-02-22 18:37:35,784 INFO httpx HTTP Request: GET https://www.marketwatch.com/rss/topstories "HTTP/1.1 301 Found"
2026-02-22 18:37:35,858 INFO httpx HTTP Request: GET https://data.alpaca.markets/v2/stocks/snapshots?symbols=AAPL%2CAMZN%2CGLD%2CGME%2CKO%2CMETA%2CNVDA%2CPG%2CSPY%2CTLT%2CTSLA%2CWMT&feed=iex "HTTP/1.1 200 OK"
2026-02-22 18:37:35,859 INFO httpx HTTP Request: GET https://data.alpaca.markets/v1beta3/crypto/us/snapshots?symbols=BTC%2FUSD%2CETH%2FUSD%2CSOL%2FUSD "HTTP/1.1 200 OK"
2026-02-22 18:37:36,121 INFO httpx HTTP Request: GET https://feeds.marketwatch.com/marketwatch/topstories "HTTP/1.1 301 Moved Permanently"
2026-02-22 18:37:36,190 INFO httpx HTTP Request: GET https://feeds.content.dowjones.io/public/rss/mw_topstories "HTTP/1.1 200 OK"
2026-02-22 18:37:41,203 INFO httpx HTTP Request: GET https://data.alpaca.markets/v1beta3/crypto/us/snapshots?symbols=BTC%2FUSD%2CETH%2FUSD%2CSOL%2FUSD "HTTP/1.1 200 OK"
2026-02-22 18:37:46,541 INFO httpx HTTP Request: GET https://data.alpaca.markets/v1beta3/crypto/us/snapshots?symbols=BTC%2FUSD%2CETH%2FUSD%2CSOL%2FUSD "HTTP/1.1 200 OK"
2026-02-22 18:37:51,866 INFO httpx HTTP Request: GET https://data.alpaca.markets/v1beta3/crypto/us/snapshots?symbols=BTC%2FUSD%2CETH%2FUSD%2CSOL%2FUSD "HTTP/1.1 200 OK"
2026-02-22 18:37:57,187 INFO httpx HTTP Request: GET https://data.alpaca.markets/v1beta3/crypto/us/snapshots?symbols=BTC%2FUSD%2CETH%2FUSD%2CSOL%2FUSD "HTTP/1.1 200 OK"
2026-02-22 18:38:02,516 INFO httpx HTTP Request: GET https://data.alpaca.markets/v1beta3/crypto/us/snapshots?symbols=BTC%2FUSD%2CETH%2FUSD%2CSOL%2FUSD "HTTP/1.1 200 OK"
2026-02-22 18:38:07,851 INFO httpx HTTP Request: GET https://data.alpaca.markets/v1beta3/crypto/us/snapshots?symbols=BTC%2FUSD%2CETH%2FUSD%2CSOL%2FUSD "HTTP/1.1 200 OK"
2026-02-22 18:38:13,177 INFO httpx HTTP Request: GET https://data.alpaca.markets/v1beta3/crypto/us/snapshots?symbols=BTC%2FUSD%2CETH%2FUSD%2CSOL%2FUSD "HTTP/1.1 200 OK"
2026-02-22 18:38:18,498 INFO httpx HTTP Request: GET https://data.alpaca.markets/v1beta3/crypto/us/snapshots?symbols=BTC%2FUSD%2CETH%2FUSD%2CSOL%2FUSD "HTTP/1.1 200 OK"
2026-02-22 18:38:23,824 INFO httpx HTTP Request: GET https://data.alpaca.markets/v1beta3/crypto/us/snapshots?symbols=BTC%2FUSD%2CETH%2FUSD%2CSOL%2FUSD "HTTP/1.1 200 OK"
2026-02-22 18:38:29,147 INFO httpx HTTP Request: GET https://data.alpaca.markets/v1beta3/crypto/us/snapshots?symbols=BTC%2FUSD%2CETH%2FUSD%2CSOL%2FUSD "HTTP/1.1 200 OK"
2026-02-22 18:38:34,465 INFO httpx HTTP Request: GET https://data.alpaca.markets/v1beta3/crypto/us/snapshots?symbols=BTC%2FUSD%2CETH%2FUSD%2CSOL%2FUSD "HTTP/1.1 200 OK"
2026-02-22 18:38:36,207 INFO httpx HTTP Request: GET https://data.alpaca.markets/v2/stocks/snapshots?symbols=AAPL%2CAMZN%2CGLD%2CGME%2CKO%2CMETA%2CNVDA%2CPG%2CSPY%2CTLT%2CTSLA%2CWMT&feed=iex "HTTP/1.1 200 OK"
2026-02-22 18:38:39,786 INFO httpx HTTP Request: GET https://data.alpaca.markets/v1beta3/crypto/us/snapshots?symbols=BTC%2FUSD%2CETH%2FUSD%2CSOL%2FUSD "HTTP/1.1 200 OK"
2026-02-22 18:38:45,110 INFO httpx HTTP Request: GET https://data.alpaca.markets/v1beta3/crypto/us/snapshots?symbols=BTC%2FUSD%2CETH%2FUSD%2CSOL%2FUSD "HTTP/1.1 200 OK"
2026-02-22 18:38:50,428 INFO httpx HTTP Request: GET https://data.alpaca.markets/v1beta3/crypto/us/snapshots?symbols=BTC%2FUSD%2CETH%2FUSD%2CSOL%2FUSD "HTTP/1.1 200 OK"
2026-02-22 18:38:55,750 INFO httpx HTTP Request: GET https://data.alpaca.markets/v1beta3/crypto/us/snapshots?symbols=BTC%2FUSD%2CETH%2FUSD%2CSOL%2FUSD "HTTP/1.1 200 OK"
2026-02-22 18:39:01,105 INFO httpx HTTP Request: GET https://data.alpaca.markets/v1beta3/crypto/us/snapshots?symbols=BTC%2FUSD%2CETH%2FUSD%2CSOL%2FUSD "HTTP/1.1 200 OK"
2026-02-22 18:39:06,429 INFO httpx HTTP Request: GET https://data.alpaca.markets/v1beta3/crypto/us/snapshots?symbols=BTC%2FUSD%2CETH%2FUSD%2CSOL%2FUSD "HTTP/1.1 200 OK"
2026-02-22 18:39:11,765 INFO httpx HTTP Request: GET https://data.alpaca.markets/v1beta3/crypto/us/snapshots?symbols=BTC%2FUSD%2CETH%2FUSD%2CSOL%2FUSD "HTTP/1.1 200 OK"
2026-02-22 18:39:17,084 INFO httpx HTTP Request: GET https://data.alpaca.markets/v1beta3/crypto/us/snapshots?symbols=BTC%2FUSD%2CETH%2FUSD%2CSOL%2FUSD "HTTP/1.1 200 OK"
2026-02-22 18:39:22,421 INFO httpx HTTP Request: GET https://data.alpaca.markets/v1beta3/crypto/us/snapshots?symbols=BTC%2FUSD%2CETH%2FUSD%2CSOL%2FUSD "HTTP/1.1 200 OK"
2026-02-22 18:39:27,756 INFO httpx HTTP Request: GET https://data.alpaca.markets/v1beta3/crypto/us/snapshots?symbols=BTC%2FUSD%2CETH%2FUSD%2CSOL%2FUSD "HTTP/1.1 200 OK"
2026-02-22 18:39:33,081 INFO httpx HTTP Request: GET https://data.alpaca.markets/v1beta3/crypto/us/snapshots?symbols=BTC%2FUSD%2CETH%2FUSD%2CSOL%2FUSD "HTTP/1.1 200 OK"
2026-02-22 18:39:36,539 INFO httpx HTTP Request: GET https://data.alpaca.markets/v2/stocks/snapshots?symbols=AAPL%2CAMZN%2CGLD%2CGME%2CKO%2CMETA%2CNVDA%2CPG%2CSPY%2CTLT%2CTSLA%2CWMT&feed=iex "HTTP/1.1 200 OK"
2026-02-22 18:39:38,402 INFO httpx HTTP Request: GET https://data.alpaca.markets/v1beta3/crypto/us/snapshots?symbols=BTC%2FUSD%2CETH%2FUSD%2CSOL%2FUSD "HTTP/1.1 200 OK"
2026-02-22 18:39:43,724 INFO httpx HTTP Request: GET https://data.alpaca.markets/v1beta3/crypto/us/snapshots?symbols=BTC%2FUSD%2CETH%2FUSD%2CSOL%2FUSD "HTTP/1.1 200 OK"
2026-02-22 18:39:49,054 INFO httpx HTTP Request: GET https://data.alpaca.markets/v1beta3/crypto/us/snapshots?symbols=BTC%2FUSD%2CETH%2FUSD%2CSOL%2FUSD "HTTP/1.1 200 OK"
2026-02-22 18:39:54,378 INFO httpx HTTP Request: GET https://data.alpaca.markets/v1beta3/crypto/us/snapshots?symbols=BTC%2FUSD%2CETH%2FUSD%2CSOL%2FUSD "HTTP/1.1 200 OK"
2026-02-22 18:39:59,700 INFO httpx HTTP Request: GET https://data.alpaca.markets/v1beta3/crypto/us/snapshots?symbols=BTC%2FUSD%2CETH%2FUSD%2CSOL%2FUSD "HTTP/1.1 200 OK"
2026-02-22 18:40:05,057 INFO httpx HTTP Request: GET https://data.alpaca.markets/v1beta3/crypto/us/snapshots?symbols=BTC%2FUSD%2CETH%2FUSD%2CSOL%2FUSD "HTTP/1.1 200 OK"
2026-02-22 18:40:10,388 INFO httpx HTTP Request: GET https://data.alpaca.markets/v1beta3/crypto/us/snapshots?symbols=BTC%2FUSD%2CETH%2FUSD%2CSOL%2FUSD "HTTP/1.1 200 OK"
2026-02-22 18:40:15,720 INFO httpx HTTP Request: GET https://data.alpaca.markets/v1beta3/crypto/us/snapshots?symbols=BTC%2FUSD%2CETH%2FUSD%2CSOL%2FUSD "HTTP/1.1 200 OK"
2026-02-22 18:40:21,040 INFO httpx HTTP Request: GET https://data.alpaca.markets/v1beta3/crypto/us/snapshots?symbols=BTC%2FUSD%2CETH%2FUSD%2CSOL%2FUSD "HTTP/1.1 200 OK"
2026-02-22 18:40:26,370 INFO httpx HTTP Request: GET https://data.alpaca.markets/v1beta3/crypto/us/snapshots?symbols=BTC%2FUSD%2CETH%2FUSD%2CSOL%2FUSD "HTTP/1.1 200 OK"
2026-02-22 18:40:31,698 INFO httpx HTTP Request: GET https://data.alpaca.markets/v1beta3/crypto/us/snapshots?symbols=BTC%2FUSD%2CETH%2FUSD%2CSOL%2FUSD "HTTP/1.1 200 OK"
2026-02-22 18:40:36,886 INFO httpx HTTP Request: GET https://data.alpaca.markets/v2/stocks/snapshots?symbols=AAPL%2CAMZN%2CGLD%2CGME%2CKO%2CMETA%2CNVDA%2CPG%2CSPY%2CTLT%2CTSLA%2CWMT&feed=iex "HTTP/1.1 200 OK"
2026-02-22 18:40:37,022 INFO httpx HTTP Request: GET https://data.alpaca.markets/v1beta3/crypto/us/snapshots?symbols=BTC%2FUSD%2CETH%2FUSD%2CSOL%2FUSD "HTTP/1.1 200 OK"
2026-02-22 18:40:42,341 INFO httpx HTTP Request: GET https://data.alpaca.markets/v1beta3/crypto/us/snapshots?symbols=BTC%2FUSD%2CETH%2FUSD%2CSOL%2FUSD "HTTP/1.1 200 OK"
2026-02-22 18:40:47,682 INFO httpx HTTP Request: GET https://data.alpaca.markets/v1beta3/crypto/us/snapshots?symbols=BTC%2FUSD%2CETH%2FUSD%2CSOL%2FUSD "HTTP/1.1 200 OK"
2026-02-22 18:40:53,010 INFO httpx HTTP Request: GET https://data.alpaca.markets/v1beta3/crypto/us/snapshots?symbols=BTC%2FUSD%2CETH%2FUSD%2CSOL%2FUSD "HTTP/1.1 200 OK"
2026-02-22 18:40:58,344 INFO httpx HTTP Request: GET https://data.alpaca.markets/v1beta3/crypto/us/snapshots?symbols=BTC%2FUSD%2CETH%2FUSD%2CSOL%2FUSD "HTTP/1.1 200 OK"
2026-02-22 18:41:03,692 INFO httpx HTTP Request: GET https://data.alpaca.markets/v1beta3/crypto/us/snapshots?symbols=BTC%2FUSD%2CETH%2FUSD%2CSOL%2FUSD "HTTP/1.1 200 OK"
2026-02-22 18:41:09,019 INFO httpx HTTP Request: GET https://data.alpaca.markets/v1beta3/crypto/us/snapshots?symbols=BTC%2FUSD%2CETH%2FUSD%2CSOL%2FUSD "HTTP/1.1 200 OK"
2026-02-22 18:41:14,343 INFO httpx HTTP Request: GET https://data.alpaca.markets/v1beta3/crypto/us/snapshots?symbols=BTC%2FUSD%2CETH%2FUSD%2CSOL%2FUSD "HTTP/1.1 200 OK"
2026-02-22 18:41:19,662 INFO httpx HTTP Request: GET https://data.alpaca.markets/v1beta3/crypto/us/snapshots?symbols=BTC%2FUSD%2CETH%2FUSD%2CSOL%2FUSD "HTTP/1.1 200 OK"
2026-02-22 18:41:24,984 INFO httpx HTTP Request: GET https://data.alpaca.markets/v1beta3/crypto/us/snapshots?symbols=BTC%2FUSD%2CETH%2FUSD%2CSOL%2FUSD "HTTP/1.1 200 OK"
2026-02-22 18:41:30,306 INFO httpx HTTP Request: GET https://data.alpaca.markets/v1beta3/crypto/us/snapshots?symbols=BTC%2FUSD%2CETH%2FUSD%2CSOL%2FUSD "HTTP/1.1 200 OK"
2026-02-22 18:41:35,660 INFO httpx HTTP Request: GET https://data.alpaca.markets/v1beta3/crypto/us/snapshots?symbols=BTC%2FUSD%2CETH%2FUSD%2CSOL%2FUSD "HTTP/1.1 200 OK"
2026-02-22 18:41:37,230 INFO httpx HTTP Request: GET https://data.alpaca.markets/v2/stocks/snapshots?symbols=AAPL%2CAMZN%2CGLD%2CGME%2CKO%2CMETA%2CNVDA%2CPG%2CSPY%2CTLT%2CTSLA%2CWMT&feed=iex "HTTP/1.1 200 OK"
2026-02-22 18:41:40,986 INFO httpx HTTP Request: GET https://data.alpaca.markets/v1beta3/crypto/us/snapshots?symbols=BTC%2FUSD%2CETH%2FUSD%2CSOL%2FUSD "HTTP/1.1 200 OK"
2026-02-22 18:41:46,599 INFO httpx HTTP Request: GET https://data.alpaca.markets/v1beta3/crypto/us/snapshots?symbols=BTC%2FUSD%2CETH%2FUSD%2CSOL%2FUSD "HTTP/1.1 200 OK"
2026-02-22 18:41:51,925 INFO httpx HTTP Request: GET https://data.alpaca.markets/v1beta3/crypto/us/snapshots?symbols=BTC%2FUSD%2CETH%2FUSD%2CSOL%2FUSD "HTTP/1.1 200 OK"
2026-02-22 18:41:57,240 INFO httpx HTTP Request: GET https://data.alpaca.markets/v1beta3/crypto/us/snapshots?symbols=BTC%2FUSD%2CETH%2FUSD%2CSOL%2FUSD "HTTP/1.1 200 OK"
2026-02-22 18:42:02,570 INFO httpx HTTP Request: GET https://data.alpaca.markets/v1beta3/crypto/us/snapshots?symbols=BTC%2FUSD%2CETH%2FUSD%2CSOL%2FUSD "HTTP/1.1 200 OK"
2026-02-22 18:42:07,917 INFO httpx HTTP Request: GET https://data.alpaca.markets/v1beta3/crypto/us/snapshots?symbols=BTC%2FUSD%2CETH%2FUSD%2CSOL%2FUSD "HTTP/1.1 200 OK"
2026-02-22 18:42:13,269 INFO httpx HTTP Request: GET https://data.alpaca.markets/v1beta3/crypto/us/snapshots?symbols=BTC%2FUSD%2CETH%2FUSD%2CSOL%2FUSD "HTTP/1.1 200 OK"
2026-02-22 18:42:18,614 INFO httpx HTTP Request: GET https://data.alpaca.markets/v1beta3/crypto/us/snapshots?symbols=BTC%2FUSD%2CETH%2FUSD%2CSOL%2FUSD "HTTP/1.1 200 OK"
2026-02-22 18:42:23,943 INFO httpx HTTP Request: GET https://data.alpaca.markets/v1beta3/crypto/us/snapshots?symbols=BTC%2FUSD%2CETH%2FUSD%2CSOL%2FUSD "HTTP/1.1 200 OK"
2026-02-22 18:42:29,254 INFO httpx HTTP Request: GET https://data.alpaca.markets/v1beta3/crypto/us/snapshots?symbols=BTC%2FUSD%2CETH%2FUSD%2CSOL%2FUSD "HTTP/1.1 200 OK"
2026-02-22 18:42:34,584 INFO httpx HTTP Request: GET https://data.alpaca.markets/v1beta3/crypto/us/snapshots?symbols=BTC%2FUSD%2CETH%2FUSD%2CSOL%2FUSD "HTTP/1.1 200 OK"
2026-02-22 18:42:37,574 INFO httpx HTTP Request: GET https://data.alpaca.markets/v2/stocks/snapshots?symbols=AAPL%2CAMZN%2CGLD%2CGME%2CKO%2CMETA%2CNVDA%2CPG%2CSPY%2CTLT%2CTSLA%2CWMT&feed=iex "HTTP/1.1 200 OK"
2026-02-22 18:42:39,907 INFO httpx HTTP Request: GET https://data.alpaca.markets/v1beta3/crypto/us/snapshots?symbols=BTC%2FUSD%2CETH%2FUSD%2CSOL%2FUSD "HTTP/1.1 200 OK"
2026-02-22 18:42:45,253 INFO httpx HTTP Request: GET https://data.alpaca.markets/v1beta3/crypto/us/snapshots?symbols=BTC%2FUSD%2CETH%2FUSD%2CSOL%2FUSD "HTTP/1.1 200 OK"
2026-02-22 18:42:50,568 INFO httpx HTTP Request: GET https://data.alpaca.markets/v1beta3/crypto/us/snapshots?symbols=BTC%2FUSD%2CETH%2FUSD%2CSOL%2FUSD "HTTP/1.1 200 OK"
2026-02-22 18:42:55,899 INFO httpx HTTP Request: GET https://data.alpaca.markets/v1beta3/crypto/us/snapshots?symbols=BTC%2FUSD%2CETH%2FUSD%2CSOL%2FUSD "HTTP/1.1 200 OK"
2026-02-22 18:43:01,248 INFO httpx HTTP Request: GET https://data.alpaca.markets/v1beta3/crypto/us/snapshots?symbols=BTC%2FUSD%2CETH%2FUSD%2CSOL%2FUSD "HTTP/1.1 200 OK"
2026-02-22 18:43:06,605 INFO httpx HTTP Request: GET https://data.alpaca.markets/v1beta3/crypto/us/snapshots?symbols=BTC%2FUSD%2CETH%2FUSD%2CSOL%2FUSD "HTTP/1.1 200 OK"
2026-02-22 18:43:11,939 INFO httpx HTTP Request: GET https://data.alpaca.markets/v1beta3/crypto/us/snapshots?symbols=BTC%2FUSD%2CETH%2FUSD%2CSOL%2FUSD "HTTP/1.1 200 OK"
2026-02-22 18:43:17,277 INFO httpx HTTP Request: GET https://data.alpaca.markets/v1beta3/crypto/us/snapshots?symbols=BTC%2FUSD%2CETH%2FUSD%2CSOL%2FUSD "HTTP/1.1 200 OK"
2026-02-22 18:43:22,610 INFO httpx HTTP Request: GET https://data.alpaca.markets/v1beta3/crypto/us/snapshots?symbols=BTC%2FUSD%2CETH%2FUSD%2CSOL%2FUSD "HTTP/1.1 200 OK"
2026-02-22 18:43:27,939 INFO httpx HTTP Request: GET https://data.alpaca.markets/v1beta3/crypto/us/snapshots?symbols=BTC%2FUSD%2CETH%2FUSD%2CSOL%2FUSD "HTTP/1.1 200 OK"
2026-02-22 18:43:33,266 INFO httpx HTTP Request: GET https://data.alpaca.markets/v1beta3/crypto/us/snapshots?symbols=BTC%2FUSD%2CETH%2FUSD%2CSOL%2FUSD "HTTP/1.1 200 OK"
2026-02-22 18:43:37,937 INFO httpx HTTP Request: GET https://data.alpaca.markets/v2/stocks/snapshots?symbols=AAPL%2CAMZN%2CGLD%2CGME%2CKO%2CMETA%2CNVDA%2CPG%2CSPY%2CTLT%2CTSLA%2CWMT&feed=iex "HTTP/1.1 200 OK"
2026-02-22 18:43:38,596 INFO httpx HTTP Request: GET https://data.alpaca.markets/v1beta3/crypto/us/snapshots?symbols=BTC%2FUSD%2CETH%2FUSD%2CSOL%2FUSD "HTTP/1.1 200 OK"
2026-02-22 18:43:43,918 INFO httpx HTTP Request: GET https://data.alpaca.markets/v1beta3/crypto/us/snapshots?symbols=BTC%2FUSD%2CETH%2FUSD%2CSOL%2FUSD "HTTP/1.1 200 OK"
2026-02-22 18:43:49,268 INFO httpx HTTP Request: GET https://data.alpaca.markets/v1beta3/crypto/us/snapshots?symbols=BTC%2FUSD%2CETH%2FUSD%2CSOL%2FUSD "HTTP/1.1 200 OK"
2026-02-22 18:43:54,597 INFO httpx HTTP Request: GET https://data.alpaca.markets/v1beta3/crypto/us/snapshots?symbols=BTC%2FUSD%2CETH%2FUSD%2CSOL%2FUSD "HTTP/1.1 200 OK"
2026-02-22 18:43:59,928 INFO httpx HTTP Request: GET https://data.alpaca.markets/v1beta3/crypto/us/snapshots?symbols=BTC%2FUSD%2CETH%2FUSD%2CSOL%2FUSD "HTTP/1.1 200 OK"
2026-02-22 18:44:05,247 INFO httpx HTTP Request: GET https://data.alpaca.markets/v1beta3/crypto/us/snapshots?symbols=BTC%2FUSD%2CETH%2FUSD%2CSOL%2FUSD "HTTP/1.1 200 OK"
2026-02-22 18:44:10,575 INFO httpx HTTP Request: GET https://data.alpaca.markets/v1beta3/crypto/us/snapshots?symbols=BTC%2FUSD%2CETH%2FUSD%2CSOL%2FUSD "HTTP/1.1 200 OK"
2026-02-22 18:44:15,889 INFO httpx HTTP Request: GET https://data.alpaca.markets/v1beta3/crypto/us/snapshots?symbols=BTC%2FUSD%2CETH%2FUSD%2CSOL%2FUSD "HTTP/1.1 200 OK"
2026-02-22 18:44:21,211 INFO httpx HTTP Request: GET https://data.alpaca.markets/v1beta3/crypto/us/snapshots?symbols=BTC%2FUSD%2CETH%2FUSD%2CSOL%2FUSD "HTTP/1.1 200 OK"
2026-02-22 18:44:26,530 INFO httpx HTTP Request: GET https://data.alpaca.markets/v1beta3/crypto/us/snapshots?symbols=BTC%2FUSD%2CETH%2FUSD%2CSOL%2FUSD "HTTP/1.1 200 OK"
2026-02-22 18:44:31,836 INFO httpx HTTP Request: GET https://data.alpaca.markets/v1beta3/crypto/us/snapshots?symbols=BTC%2FUSD%2CETH%2FUSD%2CSOL%2FUSD "HTTP/1.1 200 OK"
2026-02-22 18:44:37,166 INFO httpx HTTP Request: GET https://data.alpaca.markets/v1beta3/crypto/us/snapshots?symbols=BTC%2FUSD%2CETH%2FUSD%2CSOL%2FUSD "HTTP/1.1 200 OK"
2026-02-22 18:44:38,289 INFO httpx HTTP Request: GET https://data.alpaca.markets/v2/stocks/snapshots?symbols=AAPL%2CAMZN%2CGLD%2CGME%2CKO%2CMETA%2CNVDA%2CPG%2CSPY%2CTLT%2CTSLA%2CWMT&feed=iex "HTTP/1.1 200 OK"
2026-02-22 18:44:42,491 INFO httpx HTTP Request: GET https://data.alpaca.markets/v1beta3/crypto/us/snapshots?symbols=BTC%2FUSD%2CETH%2FUSD%2CSOL%2FUSD "HTTP/1.1 200 OK"
2026-02-22 18:44:47,810 INFO httpx HTTP Request: GET https://data.alpaca.markets/v1beta3/crypto/us/snapshots?symbols=BTC%2FUSD%2CETH%2FUSD%2CSOL%2FUSD "HTTP/1.1 200 OK"
2026-02-22 18:44:53,128 INFO httpx HTTP Request: GET https://data.alpaca.markets/v1beta3/crypto/us/snapshots?symbols=BTC%2FUSD%2CETH%2FUSD%2CSOL%2FUSD "HTTP/1.1 200 OK"
2026-02-22 18:44:58,484 INFO httpx HTTP Request: GET https://data.alpaca.markets/v1beta3/crypto/us/snapshots?symbols=BTC%2FUSD%2CETH%2FUSD%2CSOL%2FUSD "HTTP/1.1 200 OK"
2026-02-22 18:45:03,809 INFO httpx HTTP Request: GET https://data.alpaca.markets/v1beta3/crypto/us/snapshots?symbols=BTC%2FUSD%2CETH%2FUSD%2CSOL%2FUSD "HTTP/1.1 200 OK"
2026-02-22 18:45:09,140 INFO httpx HTTP Request: GET https://data.alpaca.markets/v1beta3/crypto/us/snapshots?symbols=BTC%2FUSD%2CETH%2FUSD%2CSOL%2FUSD "HTTP/1.1 200 OK"
2026-02-22 18:45:14,472 INFO httpx HTTP Request: GET https://data.alpaca.markets/v1beta3/crypto/us/snapshots?symbols=BTC%2FUSD%2CETH%2FUSD%2CSOL%2FUSD "HTTP/1.1 200 OK"
2026-02-22 18:45:19,805 INFO httpx HTTP Request: GET https://data.alpaca.markets/v1beta3/crypto/us/snapshots?symbols=BTC%2FUSD%2CETH%2FUSD%2CSOL%2FUSD "HTTP/1.1 200 OK"
2026-02-22 18:45:25,128 INFO httpx HTTP Request: GET https://data.alpaca.markets/v1beta3/crypto/us/snapshots?symbols=BTC%2FUSD%2CETH%2FUSD%2CSOL%2FUSD "HTTP/1.1 200 OK"
2026-02-22 18:45:30,455 INFO httpx HTTP Request: GET https://data.alpaca.markets/v1beta3/crypto/us/snapshots?symbols=BTC%2FUSD%2CETH%2FUSD%2CSOL%2FUSD "HTTP/1.1 200 OK"
2026-02-22 18:45:35,787 INFO httpx HTTP Request: GET https://data.alpaca.markets/v1beta3/crypto/us/snapshots?symbols=BTC%2FUSD%2CETH%2FUSD%2CSOL%2FUSD "HTTP/1.1 200 OK"
2026-02-22 18:45:38,621 INFO httpx HTTP Request: GET https://data.alpaca.markets/v2/stocks/snapshots?symbols=AAPL%2CAMZN%2CGLD%2CGME%2CKO%2CMETA%2CNVDA%2CPG%2CSPY%2CTLT%2CTSLA%2CWMT&feed=iex "HTTP/1.1 200 OK"
2026-02-22 18:45:41,120 INFO httpx HTTP Request: GET https://data.alpaca.markets/v1beta3/crypto/us/snapshots?symbols=BTC%2FUSD%2CETH%2FUSD%2CSOL%2FUSD "HTTP/1.1 200 OK"
2026-02-22 18:45:46,448 INFO httpx HTTP Request: GET https://data.alpaca.markets/v1beta3/crypto/us/snapshots?symbols=BTC%2FUSD%2CETH%2FUSD%2CSOL%2FUSD "HTTP/1.1 200 OK"
2026-02-22 18:45:51,771 INFO httpx HTTP Request: GET https://data.alpaca.markets/v1beta3/crypto/us/snapshots?symbols=BTC%2FUSD%2CETH%2FUSD%2CSOL%2FUSD "HTTP/1.1 200 OK"
2026-02-22 18:45:57,139 INFO httpx HTTP Request: GET https://data.alpaca.markets/v1beta3/crypto/us/snapshots?symbols=BTC%2FUSD%2CETH%2FUSD%2CSOL%2FUSD "HTTP/1.1 200 OK"
2026-02-22 18:46:02,468 INFO httpx HTTP Request: GET https://data.alpaca.markets/v1beta3/crypto/us/snapshots?symbols=BTC%2FUSD%2CETH%2FUSD%2CSOL%2FUSD "HTTP/1.1 200 OK"
2026-02-22 18:46:07,785 INFO httpx HTTP Request: GET https://data.alpaca.markets/v1beta3/crypto/us/snapshots?symbols=BTC%2FUSD%2CETH%2FUSD%2CSOL%2FUSD "HTTP/1.1 200 OK"
2026-02-22 18:46:13,101 INFO httpx HTTP Request: GET https://data.alpaca.markets/v1beta3/crypto/us/snapshots?symbols=BTC%2FUSD%2CETH%2FUSD%2CSOL%2FUSD "HTTP/1.1 200 OK"
2026-02-22 18:46:18,442 INFO httpx HTTP Request: GET https://data.alpaca.markets/v1beta3/crypto/us/snapshots?symbols=BTC%2FUSD%2CETH%2FUSD%2CSOL%2FUSD "HTTP/1.1 200 OK"
2026-02-22 18:46:23,770 INFO httpx HTTP Request: GET https://data.alpaca.markets/v1beta3/crypto/us/snapshots?symbols=BTC%2FUSD%2CETH%2FUSD%2CSOL%2FUSD "HTTP/1.1 200 OK"
2026-02-22 18:46:29,094 INFO httpx HTTP Request: GET https://data.alpaca.markets/v1beta3/crypto/us/snapshots?symbols=BTC%2FUSD%2CETH%2FUSD%2CSOL%2FUSD "HTTP/1.1 200 OK"
2026-02-22 18:46:34,420 INFO httpx HTTP Request: GET https://data.alpaca.markets/v1beta3/crypto/us/snapshots?symbols=BTC%2FUSD%2CETH%2FUSD%2CSOL%2FUSD "HTTP/1.1 200 OK"
2026-02-22 18:46:38,949 INFO httpx HTTP Request: GET https://data.alpaca.markets/v2/stocks/snapshots?symbols=AAPL%2CAMZN%2CGLD%2CGME%2CKO%2CMETA%2CNVDA%2CPG%2CSPY%2CTLT%2CTSLA%2CWMT&feed=iex "HTTP/1.1 200 OK"
2026-02-22 18:46:39,750 INFO httpx HTTP Request: GET https://data.alpaca.markets/v1beta3/crypto/us/snapshots?symbols=BTC%2FUSD%2CETH%2FUSD%2CSOL%2FUSD "HTTP/1.1 200 OK"
2026-02-22 18:46:45,071 INFO httpx HTTP Request: GET https://data.alpaca.markets/v1beta3/crypto/us/snapshots?symbols=BTC%2FUSD%2CETH%2FUSD%2CSOL%2FUSD "HTTP/1.1 200 OK"
2026-02-22 18:46:50,405 INFO httpx HTTP Request: GET https://data.alpaca.markets/v1beta3/crypto/us/snapshots?symbols=BTC%2FUSD%2CETH%2FUSD%2CSOL%2FUSD "HTTP/1.1 200 OK"
2026-02-22 18:46:55,761 INFO httpx HTTP Request: GET https://data.alpaca.markets/v1beta3/crypto/us/snapshots?symbols=BTC%2FUSD%2CETH%2FUSD%2CSOL%2FUSD "HTTP/1.1 200 OK"
2026-02-22 18:47:01,096 INFO httpx HTTP Request: GET https://data.alpaca.markets/v1beta3/crypto/us/snapshots?symbols=BTC%2FUSD%2CETH%2FUSD%2CSOL%2FUSD "HTTP/1.1 200 OK"
2026-02-22 18:47:06,430 INFO httpx HTTP Request: GET https://data.alpaca.markets/v1beta3/crypto/us/snapshots?symbols=BTC%2FUSD%2CETH%2FUSD%2CSOL%2FUSD "HTTP/1.1 200 OK"
2026-02-22 18:47:11,766 INFO httpx HTTP Request: GET https://data.alpaca.markets/v1beta3/crypto/us/snapshots?symbols=BTC%2FUSD%2CETH%2FUSD%2CSOL%2FUSD "HTTP/1.1 200 OK"
2026-02-22 18:47:17,102 INFO httpx HTTP Request: GET https://data.alpaca.markets/v1beta3/crypto/us/snapshots?symbols=BTC%2FUSD%2CETH%2FUSD%2CSOL%2FUSD "HTTP/1.1 200 OK"
2026-02-22 18:47:22,431 INFO httpx HTTP Request: GET https://data.alpaca.markets/v1beta3/crypto/us/snapshots?symbols=BTC%2FUSD%2CETH%2FUSD%2CSOL%2FUSD "HTTP/1.1 200 OK"
2026-02-22 18:47:27,777 INFO httpx HTTP Request: GET https://data.alpaca.markets/v1beta3/crypto/us/snapshots?symbols=BTC%2FUSD%2CETH%2FUSD%2CSOL%2FUSD "HTTP/1.1 200 OK"
2026-02-22 18:47:33,109 INFO httpx HTTP Request: GET https://data.alpaca.markets/v1beta3/crypto/us/snapshots?symbols=BTC%2FUSD%2CETH%2FUSD%2CSOL%2FUSD "HTTP/1.1 200 OK"
2026-02-22 18:47:38,441 INFO httpx HTTP Request: GET https://data.alpaca.markets/v1beta3/crypto/us/snapshots?symbols=BTC%2FUSD%2CETH%2FUSD%2CSOL%2FUSD "HTTP/1.1 200 OK"
2026-02-22 18:47:39,293 INFO httpx HTTP Request: GET https://data.alpaca.markets/v2/stocks/snapshots?symbols=AAPL%2CAMZN%2CGLD%2CGME%2CKO%2CMETA%2CNVDA%2CPG%2CSPY%2CTLT%2CTSLA%2CWMT&feed=iex "HTTP/1.1 200 OK"
2026-02-22 18:47:43,777 INFO httpx HTTP Request: GET https://data.alpaca.markets/v1beta3/crypto/us/snapshots?symbols=BTC%2FUSD%2CETH%2FUSD%2CSOL%2FUSD "HTTP/1.1 200 OK"
2026-02-22 18:47:49,103 INFO httpx HTTP Request: GET https://data.alpaca.markets/v1beta3/crypto/us/snapshots?symbols=BTC%2FUSD%2CETH%2FUSD%2CSOL%2FUSD "HTTP/1.1 200 OK"
2026-02-22 18:47:54,454 INFO httpx HTTP Request: GET https://data.alpaca.markets/v1beta3/crypto/us/snapshots?symbols=BTC%2FUSD%2CETH%2FUSD%2CSOL%2FUSD "HTTP/1.1 200 OK"
2026-02-22 18:47:59,810 INFO httpx HTTP Request: GET https://data.alpaca.markets/v1beta3/crypto/us/snapshots?symbols=BTC%2FUSD%2CETH%2FUSD%2CSOL%2FUSD "HTTP/1.1 200 OK"
2026-02-22 18:48:05,137 INFO httpx HTTP Request: GET https://data.alpaca.markets/v1beta3/crypto/us/snapshots?symbols=BTC%2FUSD%2CETH%2FUSD%2CSOL%2FUSD "HTTP/1.1 200 OK"
2026-02-22 18:48:10,467 INFO httpx HTTP Request: GET https://data.alpaca.markets/v1beta3/crypto/us/snapshots?symbols=BTC%2FUSD%2CETH%2FUSD%2CSOL%2FUSD "HTTP/1.1 200 OK"
2026-02-22 18:48:15,788 INFO httpx HTTP Request: GET https://data.alpaca.markets/v1beta3/crypto/us/snapshots?symbols=BTC%2FUSD%2CETH%2FUSD%2CSOL%2FUSD "HTTP/1.1 200 OK"
2026-02-22 18:48:21,116 INFO httpx HTTP Request: GET https://data.alpaca.markets/v1beta3/crypto/us/snapshots?symbols=BTC%2FUSD%2CETH%2FUSD%2CSOL%2FUSD "HTTP/1.1 200 OK"
2026-02-22 18:48:26,429 INFO httpx HTTP Request: GET https://data.alpaca.markets/v1beta3/crypto/us/snapshots?symbols=BTC%2FUSD%2CETH%2FUSD%2CSOL%2FUSD "HTTP/1.1 200 OK"
2026-02-22 18:48:31,766 INFO httpx HTTP Request: GET https://data.alpaca.markets/v1beta3/crypto/us/snapshots?symbols=BTC%2FUSD%2CETH%2FUSD%2CSOL%2FUSD "HTTP/1.1 200 OK"
2026-02-22 18:48:37,086 INFO httpx HTTP Request: GET https://data.alpaca.markets/v1beta3/crypto/us/snapshots?symbols=BTC%2FUSD%2CETH%2FUSD%2CSOL%2FUSD "HTTP/1.1 200 OK"
2026-02-22 18:48:39,623 INFO httpx HTTP Request: GET https://data.alpaca.markets/v2/stocks/snapshots?symbols=AAPL%2CAMZN%2CGLD%2CGME%2CKO%2CMETA%2CNVDA%2CPG%2CSPY%2CTLT%2CTSLA%2CWMT&feed=iex "HTTP/1.1 200 OK"
2026-02-22 18:48:42,407 INFO httpx HTTP Request: GET https://data.alpaca.markets/v1beta3/crypto/us/snapshots?symbols=BTC%2FUSD%2CETH%2FUSD%2CSOL%2FUSD "HTTP/1.1 200 OK"
2026-02-22 18:48:47,733 INFO httpx HTTP Request: GET https://data.alpaca.markets/v1beta3/crypto/us/snapshots?symbols=BTC%2FUSD%2CETH%2FUSD%2CSOL%2FUSD "HTTP/1.1 200 OK"
2026-02-22 18:48:53,072 INFO httpx HTTP Request: GET https://data.alpaca.markets/v1beta3/crypto/us/snapshots?symbols=BTC%2FUSD%2CETH%2FUSD%2CSOL%2FUSD "HTTP/1.1 200 OK"
2026-02-22 18:48:58,420 INFO httpx HTTP Request: GET https://data.alpaca.markets/v1beta3/crypto/us/snapshots?symbols=BTC%2FUSD%2CETH%2FUSD%2CSOL%2FUSD "HTTP/1.1 200 OK"
2026-02-22 18:49:03,751 INFO httpx HTTP Request: GET https://data.alpaca.markets/v1beta3/crypto/us/snapshots?symbols=BTC%2FUSD%2CETH%2FUSD%2CSOL%2FUSD "HTTP/1.1 200 OK"
2026-02-22 18:49:09,075 INFO httpx HTTP Request: GET https://data.alpaca.markets/v1beta3/crypto/us/snapshots?symbols=BTC%2FUSD%2CETH%2FUSD%2CSOL%2FUSD "HTTP/1.1 200 OK"
2026-02-22 18:49:14,409 INFO httpx HTTP Request: GET https://data.alpaca.markets/v1beta3/crypto/us/snapshots?symbols=BTC%2FUSD%2CETH%2FUSD%2CSOL%2FUSD "HTTP/1.1 200 OK"
2026-02-22 18:49:19,743 INFO httpx HTTP Request: GET https://data.alpaca.markets/v1beta3/crypto/us/snapshots?symbols=BTC%2FUSD%2CETH%2FUSD%2CSOL%2FUSD "HTTP/1.1 200 OK"
2026-02-22 18:49:25,072 INFO httpx HTTP Request: GET https://data.alpaca.markets/v1beta3/crypto/us/snapshots?symbols=BTC%2FUSD%2CETH%2FUSD%2CSOL%2FUSD "HTTP/1.1 200 OK"
2026-02-22 18:49:30,409 INFO httpx HTTP Request: GET https://data.alpaca.markets/v1beta3/crypto/us/snapshots?symbols=BTC%2FUSD%2CETH%2FUSD%2CSOL%2FUSD "HTTP/1.1 200 OK"
2026-02-22 18:49:35,732 INFO httpx HTTP Request: GET https://data.alpaca.markets/v1beta3/crypto/us/snapshots?symbols=BTC%2FUSD%2CETH%2FUSD%2CSOL%2FUSD "HTTP/1.1 200 OK"
2026-02-22 18:49:39,956 INFO httpx HTTP Request: GET https://data.alpaca.markets/v2/stocks/snapshots?symbols=AAPL%2CAMZN%2CGLD%2CGME%2CKO%2CMETA%2CNVDA%2CPG%2CSPY%2CTLT%2CTSLA%2CWMT&feed=iex "HTTP/1.1 200 OK"
2026-02-22 18:49:41,060 INFO httpx HTTP Request: GET https://data.alpaca.markets/v1beta3/crypto/us/snapshots?symbols=BTC%2FUSD%2CETH%2FUSD%2CSOL%2FUSD "HTTP/1.1 200 OK"
2026-02-22 18:49:46,388 INFO httpx HTTP Request: GET https://data.alpaca.markets/v1beta3/crypto/us/snapshots?symbols=BTC%2FUSD%2CETH%2FUSD%2CSOL%2FUSD "HTTP/1.1 200 OK"
2026-02-22 18:49:51,766 INFO httpx HTTP Request: GET https://data.alpaca.markets/v1beta3/crypto/us/snapshots?symbols=BTC%2FUSD%2CETH%2FUSD%2CSOL%2FUSD "HTTP/1.1 200 OK"
2026-02-22 18:49:57,092 INFO httpx HTTP Request: GET https://data.alpaca.markets/v1beta3/crypto/us/snapshots?symbols=BTC%2FUSD%2CETH%2FUSD%2CSOL%2FUSD "HTTP/1.1 200 OK"
2026-02-22 18:50:02,425 INFO httpx HTTP Request: GET https://data.alpaca.markets/v1beta3/crypto/us/snapshots?symbols=BTC%2FUSD%2CETH%2FUSD%2CSOL%2FUSD "HTTP/1.1 200 OK"
2026-02-22 18:50:07,753 INFO httpx HTTP Request: GET https://data.alpaca.markets/v1beta3/crypto/us/snapshots?symbols=BTC%2FUSD%2CETH%2FUSD%2CSOL%2FUSD "HTTP/1.1 200 OK"
2026-02-22 18:50:13,075 INFO httpx HTTP Request: GET https://data.alpaca.markets/v1beta3/crypto/us/snapshots?symbols=BTC%2FUSD%2CETH%2FUSD%2CSOL%2FUSD "HTTP/1.1 200 OK"
2026-02-22 18:50:18,416 INFO httpx HTTP Request: GET https://data.alpaca.markets/v1beta3/crypto/us/snapshots?symbols=BTC%2FUSD%2CETH%2FUSD%2CSOL%2FUSD "HTTP/1.1 200 OK"
2026-02-22 18:50:23,735 INFO httpx HTTP Request: GET https://data.alpaca.markets/v1beta3/crypto/us/snapshots?symbols=BTC%2FUSD%2CETH%2FUSD%2CSOL%2FUSD "HTTP/1.1 200 OK"
2026-02-22 18:50:29,061 INFO httpx HTTP Request: GET https://data.alpaca.markets/v1beta3/crypto/us/snapshots?symbols=BTC%2FUSD%2CETH%2FUSD%2CSOL%2FUSD "HTTP/1.1 200 OK"
2026-02-22 18:50:34,397 INFO httpx HTTP Request: GET https://data.alpaca.markets/v1beta3/crypto/us/snapshots?symbols=BTC%2FUSD%2CETH%2FUSD%2CSOL%2FUSD "HTTP/1.1 200 OK"
2026-02-22 18:50:39,724 INFO httpx HTTP Request: GET https://data.alpaca.markets/v1beta3/crypto/us/snapshots?symbols=BTC%2FUSD%2CETH%2FUSD%2CSOL%2FUSD "HTTP/1.1 200 OK"
2026-02-22 18:50:40,290 INFO httpx HTTP Request: GET https://data.alpaca.markets/v2/stocks/snapshots?symbols=AAPL%2CAMZN%2CGLD%2CGME%2CKO%2CMETA%2CNVDA%2CPG%2CSPY%2CTLT%2CTSLA%2CWMT&feed=iex "HTTP/1.1 200 OK"
2026-02-22 18:50:45,073 INFO httpx HTTP Request: GET https://data.alpaca.markets/v1beta3/crypto/us/snapshots?symbols=BTC%2FUSD%2CETH%2FUSD%2CSOL%2FUSD "HTTP/1.1 200 OK"
2026-02-22 18:50:50,435 INFO httpx HTTP Request: GET https://data.alpaca.markets/v1beta3/crypto/us/snapshots?symbols=BTC%2FUSD%2CETH%2FUSD%2CSOL%2FUSD "HTTP/1.1 200 OK"
2026-02-22 18:50:55,764 INFO httpx HTTP Request: GET https://data.alpaca.markets/v1beta3/crypto/us/snapshots?symbols=BTC%2FUSD%2CETH%2FUSD%2CSOL%2FUSD "HTTP/1.1 200 OK"
2026-02-22 18:51:01,096 INFO httpx HTTP Request: GET https://data.alpaca.markets/v1beta3/crypto/us/snapshots?symbols=BTC%2FUSD%2CETH%2FUSD%2CSOL%2FUSD "HTTP/1.1 200 OK"
2026-02-22 18:51:06,438 INFO httpx HTTP Request: GET https://data.alpaca.markets/v1beta3/crypto/us/snapshots?symbols=BTC%2FUSD%2CETH%2FUSD%2CSOL%2FUSD "HTTP/1.1 200 OK"
2026-02-22 18:51:11,775 INFO httpx HTTP Request: GET https://data.alpaca.markets/v1beta3/crypto/us/snapshots?symbols=BTC%2FUSD%2CETH%2FUSD%2CSOL%2FUSD "HTTP/1.1 200 OK"
2026-02-22 18:51:17,114 INFO httpx HTTP Request: GET https://data.alpaca.markets/v1beta3/crypto/us/snapshots?symbols=BTC%2FUSD%2CETH%2FUSD%2CSOL%2FUSD "HTTP/1.1 200 OK"
2026-02-22 18:51:22,436 INFO httpx HTTP Request: GET https://data.alpaca.markets/v1beta3/crypto/us/snapshots?symbols=BTC%2FUSD%2CETH%2FUSD%2CSOL%2FUSD "HTTP/1.1 200 OK"
2026-02-22 18:51:27,778 INFO httpx HTTP Request: GET https://data.alpaca.markets/v1beta3/crypto/us/snapshots?symbols=BTC%2FUSD%2CETH%2FUSD%2CSOL%2FUSD "HTTP/1.1 200 OK"
2026-02-22 18:51:33,118 INFO httpx HTTP Request: GET https://data.alpaca.markets/v1beta3/crypto/us/snapshots?symbols=BTC%2FUSD%2CETH%2FUSD%2CSOL%2FUSD "HTTP/1.1 200 OK"
2026-02-22 18:51:38,452 INFO httpx HTTP Request: GET https://data.alpaca.markets/v1beta3/crypto/us/snapshots?symbols=BTC%2FUSD%2CETH%2FUSD%2CSOL%2FUSD "HTTP/1.1 200 OK"
2026-02-22 18:51:40,629 INFO httpx HTTP Request: GET https://data.alpaca.markets/v2/stocks/snapshots?symbols=AAPL%2CAMZN%2CGLD%2CGME%2CKO%2CMETA%2CNVDA%2CPG%2CSPY%2CTLT%2CTSLA%2CWMT&feed=iex "HTTP/1.1 200 OK"
2026-02-22 18:51:43,776 INFO httpx HTTP Request: GET https://data.alpaca.markets/v1beta3/crypto/us/snapshots?symbols=BTC%2FUSD%2CETH%2FUSD%2CSOL%2FUSD "HTTP/1.1 200 OK"
2026-02-22 18:51:49,107 INFO httpx HTTP Request: GET https://data.alpaca.markets/v1beta3/crypto/us/snapshots?symbols=BTC%2FUSD%2CETH%2FUSD%2CSOL%2FUSD "HTTP/1.1 200 OK"
2026-02-22 18:51:54,461 INFO httpx HTTP Request: GET https://data.alpaca.markets/v1beta3/crypto/us/snapshots?symbols=BTC%2FUSD%2CETH%2FUSD%2CSOL%2FUSD "HTTP/1.1 200 OK"
2026-02-22 18:51:59,785 INFO httpx HTTP Request: GET https://data.alpaca.markets/v1beta3/crypto/us/snapshots?symbols=BTC%2FUSD%2CETH%2FUSD%2CSOL%2FUSD "HTTP/1.1 200 OK"
2026-02-22 18:52:05,111 INFO httpx HTTP Request: GET https://data.alpaca.markets/v1beta3/crypto/us/snapshots?symbols=BTC%2FUSD%2CETH%2FUSD%2CSOL%2FUSD "HTTP/1.1 200 OK"
2026-02-22 18:52:10,446 INFO httpx HTTP Request: GET https://data.alpaca.markets/v1beta3/crypto/us/snapshots?symbols=BTC%2FUSD%2CETH%2FUSD%2CSOL%2FUSD "HTTP/1.1 200 OK"
2026-02-22 18:52:15,784 INFO httpx HTTP Request: GET https://data.alpaca.markets/v1beta3/crypto/us/snapshots?symbols=BTC%2FUSD%2CETH%2FUSD%2CSOL%2FUSD "HTTP/1.1 200 OK"
2026-02-22 18:52:21,104 INFO httpx HTTP Request: GET https://data.alpaca.markets/v1beta3/crypto/us/snapshots?symbols=BTC%2FUSD%2CETH%2FUSD%2CSOL%2FUSD "HTTP/1.1 200 OK"
2026-02-22 18:52:26,429 INFO httpx HTTP Request: GET https://data.alpaca.markets/v1beta3/crypto/us/snapshots?symbols=BTC%2FUSD%2CETH%2FUSD%2CSOL%2FUSD "HTTP/1.1 200 OK"
2026-02-22 18:52:31,776 INFO httpx HTTP Request: GET https://data.alpaca.markets/v1beta3/crypto/us/snapshots?symbols=BTC%2FUSD%2CETH%2FUSD%2CSOL%2FUSD "HTTP/1.1 200 OK"
2026-02-22 18:52:36,364 INFO httpx HTTP Request: GET https://feeds.a.dj.com/rss/RSSMarketsMain.xml "HTTP/1.1 200 OK"
2026-02-22 18:52:36,469 INFO httpx HTTP Request: GET https://www.marketwatch.com/rss/topstories "HTTP/1.1 301 Found"
2026-02-22 18:52:36,633 INFO httpx HTTP Request: GET https://feeds.marketwatch.com/marketwatch/topstories "HTTP/1.1 301 Moved Permanently"
2026-02-22 18:52:36,707 INFO httpx HTTP Request: GET https://feeds.content.dowjones.io/public/rss/mw_topstories "HTTP/1.1 200 OK"
2026-02-22 18:52:37,091 INFO httpx HTTP Request: GET https://data.alpaca.markets/v1beta3/crypto/us/snapshots?symbols=BTC%2FUSD%2CETH%2FUSD%2CSOL%2FUSD "HTTP/1.1 200 OK"
2026-02-22 18:52:40,958 INFO httpx HTTP Request: GET https://data.alpaca.markets/v2/stocks/snapshots?symbols=AAPL%2CAMZN%2CGLD%2CGME%2CKO%2CMETA%2CNVDA%2CPG%2CSPY%2CTLT%2CTSLA%2CWMT&feed=iex "HTTP/1.1 200 OK"
2026-02-22 18:52:42,410 INFO httpx HTTP Request: GET https://data.alpaca.markets/v1beta3/crypto/us/snapshots?symbols=BTC%2FUSD%2CETH%2FUSD%2CSOL%2FUSD "HTTP/1.1 200 OK"
2026-02-22 18:52:47,731 INFO httpx HTTP Request: GET https://data.alpaca.markets/v1beta3/crypto/us/snapshots?symbols=BTC%2FUSD%2CETH%2FUSD%2CSOL%2FUSD "HTTP/1.1 200 OK"
2026-02-22 18:52:53,061 INFO httpx HTTP Request: GET https://data.alpaca.markets/v1beta3/crypto/us/snapshots?symbols=BTC%2FUSD%2CETH%2FUSD%2CSOL%2FUSD "HTTP/1.1 200 OK"
2026-02-22 18:52:58,390 INFO httpx HTTP Request: GET https://data.alpaca.markets/v1beta3/crypto/us/snapshots?symbols=BTC%2FUSD%2CETH%2FUSD%2CSOL%2FUSD "HTTP/1.1 200 OK"
2026-02-22 18:53:03,719 INFO httpx HTTP Request: GET https://data.alpaca.markets/v1beta3/crypto/us/snapshots?symbols=BTC%2FUSD%2CETH%2FUSD%2CSOL%2FUSD "HTTP/1.1 200 OK"
2026-02-22 18:53:09,059 INFO httpx HTTP Request: GET https://data.alpaca.markets/v1beta3/crypto/us/snapshots?symbols=BTC%2FUSD%2CETH%2FUSD%2CSOL%2FUSD "HTTP/1.1 200 OK"
2026-02-22 18:53:14,393 INFO httpx HTTP Request: GET https://data.alpaca.markets/v1beta3/crypto/us/snapshots?symbols=BTC%2FUSD%2CETH%2FUSD%2CSOL%2FUSD "HTTP/1.1 200 OK"
2026-02-22 18:53:19,789 INFO httpx HTTP Request: GET https://data.alpaca.markets/v1beta3/crypto/us/snapshots?symbols=BTC%2FUSD%2CETH%2FUSD%2CSOL%2FUSD "HTTP/1.1 200 OK"
2026-02-22 18:53:25,126 INFO httpx HTTP Request: GET https://data.alpaca.markets/v1beta3/crypto/us/snapshots?symbols=BTC%2FUSD%2CETH%2FUSD%2CSOL%2FUSD "HTTP/1.1 200 OK"
2026-02-22 18:53:30,468 INFO httpx HTTP Request: GET https://data.alpaca.markets/v1beta3/crypto/us/snapshots?symbols=BTC%2FUSD%2CETH%2FUSD%2CSOL%2FUSD "HTTP/1.1 200 OK"
2026-02-22 18:53:35,794 INFO httpx HTTP Request: GET https://data.alpaca.markets/v1beta3/crypto/us/snapshots?symbols=BTC%2FUSD%2CETH%2FUSD%2CSOL%2FUSD "HTTP/1.1 200 OK"
2026-02-22 18:53:41,138 INFO httpx HTTP Request: GET https://data.alpaca.markets/v1beta3/crypto/us/snapshots?symbols=BTC%2FUSD%2CETH%2FUSD%2CSOL%2FUSD "HTTP/1.1 200 OK"
2026-02-22 18:53:41,295 INFO httpx HTTP Request: GET https://data.alpaca.markets/v2/stocks/snapshots?symbols=AAPL%2CAMZN%2CGLD%2CGME%2CKO%2CMETA%2CNVDA%2CPG%2CSPY%2CTLT%2CTSLA%2CWMT&feed=iex "HTTP/1.1 200 OK"
2026-02-22 18:53:46,480 INFO httpx HTTP Request: GET https://data.alpaca.markets/v1beta3/crypto/us/snapshots?symbols=BTC%2FUSD%2CETH%2FUSD%2CSOL%2FUSD "HTTP/1.1 200 OK"
2026-02-22 18:53:51,814 INFO httpx HTTP Request: GET https://data.alpaca.markets/v1beta3/crypto/us/snapshots?symbols=BTC%2FUSD%2CETH%2FUSD%2CSOL%2FUSD "HTTP/1.1 200 OK"
2026-02-22 18:53:57,154 INFO httpx HTTP Request: GET https://data.alpaca.markets/v1beta3/crypto/us/snapshots?symbols=BTC%2FUSD%2CETH%2FUSD%2CSOL%2FUSD "HTTP/1.1 200 OK"
2026-02-22 18:54:02,486 INFO httpx HTTP Request: GET https://data.alpaca.markets/v1beta3/crypto/us/snapshots?symbols=BTC%2FUSD%2CETH%2FUSD%2CSOL%2FUSD "HTTP/1.1 200 OK"
2026-02-22 18:54:07,819 INFO httpx HTTP Request: GET https://data.alpaca.markets/v1beta3/crypto/us/snapshots?symbols=BTC%2FUSD%2CETH%2FUSD%2CSOL%2FUSD "HTTP/1.1 200 OK"
2026-02-22 18:54:13,143 INFO httpx HTTP Request: GET https://data.alpaca.markets/v1beta3/crypto/us/snapshots?symbols=BTC%2FUSD%2CETH%2FUSD%2CSOL%2FUSD "HTTP/1.1 200 OK"
2026-02-22 18:54:18,472 INFO httpx HTTP Request: GET https://data.alpaca.markets/v1beta3/crypto/us/snapshots?symbols=BTC%2FUSD%2CETH%2FUSD%2CSOL%2FUSD "HTTP/1.1 200 OK"
2026-02-22 18:54:23,838 INFO httpx HTTP Request: GET https://data.alpaca.markets/v1beta3/crypto/us/snapshots?symbols=BTC%2FUSD%2CETH%2FUSD%2CSOL%2FUSD "HTTP/1.1 200 OK"
2026-02-22 18:54:29,164 INFO httpx HTTP Request: GET https://data.alpaca.markets/v1beta3/crypto/us/snapshots?symbols=BTC%2FUSD%2CETH%2FUSD%2CSOL%2FUSD "HTTP/1.1 200 OK"
2026-02-22 18:54:34,493 INFO httpx HTTP Request: GET https://data.alpaca.markets/v1beta3/crypto/us/snapshots?symbols=BTC%2FUSD%2CETH%2FUSD%2CSOL%2FUSD "HTTP/1.1 200 OK"
2026-02-22 18:54:39,816 INFO httpx HTTP Request: GET https://data.alpaca.markets/v1beta3/crypto/us/snapshots?symbols=BTC%2FUSD%2CETH%2FUSD%2CSOL%2FUSD "HTTP/1.1 200 OK"
2026-02-22 18:54:41,627 INFO httpx HTTP Request: GET https://data.alpaca.markets/v2/stocks/snapshots?symbols=AAPL%2CAMZN%2CGLD%2CGME%2CKO%2CMETA%2CNVDA%2CPG%2CSPY%2CTLT%2CTSLA%2CWMT&feed=iex "HTTP/1.1 200 OK"
2026-02-22 18:54:45,159 INFO httpx HTTP Request: GET https://data.alpaca.markets/v1beta3/crypto/us/snapshots?symbols=BTC%2FUSD%2CETH%2FUSD%2CSOL%2FUSD "HTTP/1.1 200 OK"
2026-02-22 18:54:50,513 INFO httpx HTTP Request: GET https://data.alpaca.markets/v1beta3/crypto/us/snapshots?symbols=BTC%2FUSD%2CETH%2FUSD%2CSOL%2FUSD "HTTP/1.1 200 OK"
2026-02-22 18:54:55,852 INFO httpx HTTP Request: GET https://data.alpaca.markets/v1beta3/crypto/us/snapshots?symbols=BTC%2FUSD%2CETH%2FUSD%2CSOL%2FUSD "HTTP/1.1 200 OK"
2026-02-22 18:55:01,188 INFO httpx HTTP Request: GET https://data.alpaca.markets/v1beta3/crypto/us/snapshots?symbols=BTC%2FUSD%2CETH%2FUSD%2CSOL%2FUSD "HTTP/1.1 200 OK"
2026-02-22 18:55:06,513 INFO httpx HTTP Request: GET https://data.alpaca.markets/v1beta3/crypto/us/snapshots?symbols=BTC%2FUSD%2CETH%2FUSD%2CSOL%2FUSD "HTTP/1.1 200 OK"
2026-02-22 18:55:11,840 INFO httpx HTTP Request: GET https://data.alpaca.markets/v1beta3/crypto/us/snapshots?symbols=BTC%2FUSD%2CETH%2FUSD%2CSOL%2FUSD "HTTP/1.1 200 OK"
2026-02-22 18:55:17,175 INFO httpx HTTP Request: GET https://data.alpaca.markets/v1beta3/crypto/us/snapshots?symbols=BTC%2FUSD%2CETH%2FUSD%2CSOL%2FUSD "HTTP/1.1 200 OK"
2026-02-22 18:55:22,532 INFO httpx HTTP Request: GET https://data.alpaca.markets/v1beta3/crypto/us/snapshots?symbols=BTC%2FUSD%2CETH%2FUSD%2CSOL%2FUSD "HTTP/1.1 200 OK"
2026-02-22 18:55:27,859 INFO httpx HTTP Request: GET https://data.alpaca.markets/v1beta3/crypto/us/snapshots?symbols=BTC%2FUSD%2CETH%2FUSD%2CSOL%2FUSD "HTTP/1.1 200 OK"
2026-02-22 18:55:33,183 INFO httpx HTTP Request: GET https://data.alpaca.markets/v1beta3/crypto/us/snapshots?symbols=BTC%2FUSD%2CETH%2FUSD%2CSOL%2FUSD "HTTP/1.1 200 OK"
2026-02-22 18:55:38,518 INFO httpx HTTP Request: GET https://data.alpaca.markets/v1beta3/crypto/us/snapshots?symbols=BTC%2FUSD%2CETH%2FUSD%2CSOL%2FUSD "HTTP/1.1 200 OK"
2026-02-22 18:55:41,955 INFO httpx HTTP Request: GET https://data.alpaca.markets/v2/stocks/snapshots?symbols=AAPL%2CAMZN%2CGLD%2CGME%2CKO%2CMETA%2CNVDA%2CPG%2CSPY%2CTLT%2CTSLA%2CWMT&feed=iex "HTTP/1.1 200 OK"
2026-02-22 18:55:43,861 INFO httpx HTTP Request: GET https://data.alpaca.markets/v1beta3/crypto/us/snapshots?symbols=BTC%2FUSD%2CETH%2FUSD%2CSOL%2FUSD "HTTP/1.1 200 OK"
2026-02-22 18:55:49,195 INFO httpx HTTP Request: GET https://data.alpaca.markets/v1beta3/crypto/us/snapshots?symbols=BTC%2FUSD%2CETH%2FUSD%2CSOL%2FUSD "HTTP/1.1 200 OK"
2026-02-22 18:55:54,519 INFO httpx HTTP Request: GET https://data.alpaca.markets/v1beta3/crypto/us/snapshots?symbols=BTC%2FUSD%2CETH%2FUSD%2CSOL%2FUSD "HTTP/1.1 200 OK"
2026-02-22 18:55:59,844 INFO httpx HTTP Request: GET https://data.alpaca.markets/v1beta3/crypto/us/snapshots?symbols=BTC%2FUSD%2CETH%2FUSD%2CSOL%2FUSD "HTTP/1.1 200 OK"
2026-02-22 18:56:05,160 INFO httpx HTTP Request: GET https://data.alpaca.markets/v1beta3/crypto/us/snapshots?symbols=BTC%2FUSD%2CETH%2FUSD%2CSOL%2FUSD "HTTP/1.1 200 OK"
2026-02-22 18:56:10,498 INFO httpx HTTP Request: GET https://data.alpaca.markets/v1beta3/crypto/us/snapshots?symbols=BTC%2FUSD%2CETH%2FUSD%2CSOL%2FUSD "HTTP/1.1 200 OK"
2026-02-22 18:56:15,828 INFO httpx HTTP Request: GET https://data.alpaca.markets/v1beta3/crypto/us/snapshots?symbols=BTC%2FUSD%2CETH%2FUSD%2CSOL%2FUSD "HTTP/1.1 200 OK"
2026-02-22 18:56:21,174 INFO httpx HTTP Request: GET https://data.alpaca.markets/v1beta3/crypto/us/snapshots?symbols=BTC%2FUSD%2CETH%2FUSD%2CSOL%2FUSD "HTTP/1.1 200 OK"
2026-02-22 18:56:26,504 INFO httpx HTTP Request: GET https://data.alpaca.markets/v1beta3/crypto/us/snapshots?symbols=BTC%2FUSD%2CETH%2FUSD%2CSOL%2FUSD "HTTP/1.1 200 OK"
2026-02-22 18:56:31,835 INFO httpx HTTP Request: GET https://data.alpaca.markets/v1beta3/crypto/us/snapshots?symbols=BTC%2FUSD%2CETH%2FUSD%2CSOL%2FUSD "HTTP/1.1 200 OK"
2026-02-22 18:56:37,182 INFO httpx HTTP Request: GET https://data.alpaca.markets/v1beta3/crypto/us/snapshots?symbols=BTC%2FUSD%2CETH%2FUSD%2CSOL%2FUSD "HTTP/1.1 200 OK"
2026-02-22 18:56:42,324 INFO httpx HTTP Request: GET https://data.alpaca.markets/v2/stocks/snapshots?symbols=AAPL%2CAMZN%2CGLD%2CGME%2CKO%2CMETA%2CNVDA%2CPG%2CSPY%2CTLT%2CTSLA%2CWMT&feed=iex "HTTP/1.1 200 OK"
2026-02-22 18:56:42,538 INFO httpx HTTP Request: GET https://data.alpaca.markets/v1beta3/crypto/us/snapshots?symbols=BTC%2FUSD%2CETH%2FUSD%2CSOL%2FUSD "HTTP/1.1 200 OK"
2026-02-22 18:56:47,881 INFO httpx HTTP Request: GET https://data.alpaca.markets/v1beta3/crypto/us/snapshots?symbols=BTC%2FUSD%2CETH%2FUSD%2CSOL%2FUSD "HTTP/1.1 200 OK"
2026-02-22 18:56:53,211 INFO httpx HTTP Request: GET https://data.alpaca.markets/v1beta3/crypto/us/snapshots?symbols=BTC%2FUSD%2CETH%2FUSD%2CSOL%2FUSD "HTTP/1.1 200 OK"
2026-02-22 18:56:58,539 INFO httpx HTTP Request: GET https://data.alpaca.markets/v1beta3/crypto/us/snapshots?symbols=BTC%2FUSD%2CETH%2FUSD%2CSOL%2FUSD "HTTP/1.1 200 OK"
2026-02-22 18:57:03,875 INFO httpx HTTP Request: GET https://data.alpaca.markets/v1beta3/crypto/us/snapshots?symbols=BTC%2FUSD%2CETH%2FUSD%2CSOL%2FUSD "HTTP/1.1 200 OK"
2026-02-22 18:57:09,215 INFO httpx HTTP Request: GET https://data.alpaca.markets/v1beta3/crypto/us/snapshots?symbols=BTC%2FUSD%2CETH%2FUSD%2CSOL%2FUSD "HTTP/1.1 200 OK"
2026-02-22 18:57:14,574 INFO httpx HTTP Request: GET https://data.alpaca.markets/v1beta3/crypto/us/snapshots?symbols=BTC%2FUSD%2CETH%2FUSD%2CSOL%2FUSD "HTTP/1.1 200 OK"
2026-02-22 18:57:19,897 INFO httpx HTTP Request: GET https://data.alpaca.markets/v1beta3/crypto/us/snapshots?symbols=BTC%2FUSD%2CETH%2FUSD%2CSOL%2FUSD "HTTP/1.1 200 OK"
2026-02-22 18:57:25,217 INFO httpx HTTP Request: GET https://data.alpaca.markets/v1beta3/crypto/us/snapshots?symbols=BTC%2FUSD%2CETH%2FUSD%2CSOL%2FUSD "HTTP/1.1 200 OK"
2026-02-22 18:57:30,550 INFO httpx HTTP Request: GET https://data.alpaca.markets/v1beta3/crypto/us/snapshots?symbols=BTC%2FUSD%2CETH%2FUSD%2CSOL%2FUSD "HTTP/1.1 200 OK"
2026-02-22 18:57:35,888 INFO httpx HTTP Request: GET https://data.alpaca.markets/v1beta3/crypto/us/snapshots?symbols=BTC%2FUSD%2CETH%2FUSD%2CSOL%2FUSD "HTTP/1.1 200 OK"
2026-02-22 18:57:41,232 INFO httpx HTTP Request: GET https://data.alpaca.markets/v1beta3/crypto/us/snapshots?symbols=BTC%2FUSD%2CETH%2FUSD%2CSOL%2FUSD "HTTP/1.1 200 OK"
2026-02-22 18:57:42,661 INFO httpx HTTP Request: GET https://data.alpaca.markets/v2/stocks/snapshots?symbols=AAPL%2CAMZN%2CGLD%2CGME%2CKO%2CMETA%2CNVDA%2CPG%2CSPY%2CTLT%2CTSLA%2CWMT&feed=iex "HTTP/1.1 200 OK"
2026-02-22 18:57:46,579 INFO httpx HTTP Request: GET https://data.alpaca.markets/v1beta3/crypto/us/snapshots?symbols=BTC%2FUSD%2CETH%2FUSD%2CSOL%2FUSD "HTTP/1.1 200 OK"
2026-02-22 18:57:51,905 INFO httpx HTTP Request: GET https://data.alpaca.markets/v1beta3/crypto/us/snapshots?symbols=BTC%2FUSD%2CETH%2FUSD%2CSOL%2FUSD "HTTP/1.1 200 OK"
2026-02-22 18:57:57,234 INFO httpx HTTP Request: GET https://data.alpaca.markets/v1beta3/crypto/us/snapshots?symbols=BTC%2FUSD%2CETH%2FUSD%2CSOL%2FUSD "HTTP/1.1 200 OK"
2026-02-22 18:58:02,557 INFO httpx HTTP Request: GET https://data.alpaca.markets/v1beta3/crypto/us/snapshots?symbols=BTC%2FUSD%2CETH%2FUSD%2CSOL%2FUSD "HTTP/1.1 200 OK"
2026-02-22 18:58:07,891 INFO httpx HTTP Request: GET https://data.alpaca.markets/v1beta3/crypto/us/snapshots?symbols=BTC%2FUSD%2CETH%2FUSD%2CSOL%2FUSD "HTTP/1.1 200 OK"
2026-02-22 18:58:13,259 INFO httpx HTTP Request: GET https://data.alpaca.markets/v1beta3/crypto/us/snapshots?symbols=BTC%2FUSD%2CETH%2FUSD%2CSOL%2FUSD "HTTP/1.1 200 OK"
2026-02-22 18:58:18,586 INFO httpx HTTP Request: GET https://data.alpaca.markets/v1beta3/crypto/us/snapshots?symbols=BTC%2FUSD%2CETH%2FUSD%2CSOL%2FUSD "HTTP/1.1 200 OK"
2026-02-22 18:58:23,926 INFO httpx HTTP Request: GET https://data.alpaca.markets/v1beta3/crypto/us/snapshots?symbols=BTC%2FUSD%2CETH%2FUSD%2CSOL%2FUSD "HTTP/1.1 200 OK"
2026-02-22 18:58:29,254 INFO httpx HTTP Request: GET https://data.alpaca.markets/v1beta3/crypto/us/snapshots?symbols=BTC%2FUSD%2CETH%2FUSD%2CSOL%2FUSD "HTTP/1.1 200 OK"
2026-02-22 18:58:34,589 INFO httpx HTTP Request: GET https://data.alpaca.markets/v1beta3/crypto/us/snapshots?symbols=BTC%2FUSD%2CETH%2FUSD%2CSOL%2FUSD "HTTP/1.1 200 OK"
2026-02-22 18:58:39,906 INFO httpx HTTP Request: GET https://data.alpaca.markets/v1beta3/crypto/us/snapshots?symbols=BTC%2FUSD%2CETH%2FUSD%2CSOL%2FUSD "HTTP/1.1 200 OK"
2026-02-22 18:58:42,990 INFO httpx HTTP Request: GET https://data.alpaca.markets/v2/stocks/snapshots?symbols=AAPL%2CAMZN%2CGLD%2CGME%2CKO%2CMETA%2CNVDA%2CPG%2CSPY%2CTLT%2CTSLA%2CWMT&feed=iex "HTTP/1.1 200 OK"
2026-02-22 18:58:46,242 INFO httpx HTTP Request: GET https://data.alpaca.markets/v1beta3/crypto/us/snapshots?symbols=BTC%2FUSD%2CETH%2FUSD%2CSOL%2FUSD "HTTP/1.1 200 OK"
2026-02-22 18:58:51,585 INFO httpx HTTP Request: GET https://data.alpaca.markets/v1beta3/crypto/us/snapshots?symbols=BTC%2FUSD%2CETH%2FUSD%2CSOL%2FUSD "HTTP/1.1 200 OK"
2026-02-22 18:58:56,911 INFO httpx HTTP Request: GET https://data.alpaca.markets/v1beta3/crypto/us/snapshots?symbols=BTC%2FUSD%2CETH%2FUSD%2CSOL%2FUSD "HTTP/1.1 200 OK"
2026-02-22 18:59:02,251 INFO httpx HTTP Request: GET https://data.alpaca.markets/v1beta3/crypto/us/snapshots?symbols=BTC%2FUSD%2CETH%2FUSD%2CSOL%2FUSD "HTTP/1.1 200 OK"
2026-02-22 18:59:07,585 INFO httpx HTTP Request: GET https://data.alpaca.markets/v1beta3/crypto/us/snapshots?symbols=BTC%2FUSD%2CETH%2FUSD%2CSOL%2FUSD "HTTP/1.1 200 OK"
2026-02-22 18:59:12,910 INFO httpx HTTP Request: GET https://data.alpaca.markets/v1beta3/crypto/us/snapshots?symbols=BTC%2FUSD%2CETH%2FUSD%2CSOL%2FUSD "HTTP/1.1 200 OK"
2026-02-22 18:59:18,272 INFO httpx HTTP Request: GET https://data.alpaca.markets/v1beta3/crypto/us/snapshots?symbols=BTC%2FUSD%2CETH%2FUSD%2CSOL%2FUSD "HTTP/1.1 200 OK"
2026-02-22 18:59:23,604 INFO httpx HTTP Request: GET https://data.alpaca.markets/v1beta3/crypto/us/snapshots?symbols=BTC%2FUSD%2CETH%2FUSD%2CSOL%2FUSD "HTTP/1.1 200 OK"
2026-02-22 18:59:28,935 INFO httpx HTTP Request: GET https://data.alpaca.markets/v1beta3/crypto/us/snapshots?symbols=BTC%2FUSD%2CETH%2FUSD%2CSOL%2FUSD "HTTP/1.1 200 OK"
2026-02-22 18:59:34,277 INFO httpx HTTP Request: GET https://data.alpaca.markets/v1beta3/crypto/us/snapshots?symbols=BTC%2FUSD%2CETH%2FUSD%2CSOL%2FUSD "HTTP/1.1 200 OK"
2026-02-22 18:59:39,620 INFO httpx HTTP Request: GET https://data.alpaca.markets/v1beta3/crypto/us/snapshots?symbols=BTC%2FUSD%2CETH%2FUSD%2CSOL%2FUSD "HTTP/1.1 200 OK"
2026-02-22 18:59:43,322 INFO httpx HTTP Request: GET https://data.alpaca.markets/v2/stocks/snapshots?symbols=AAPL%2CAMZN%2CGLD%2CGME%2CKO%2CMETA%2CNVDA%2CPG%2CSPY%2CTLT%2CTSLA%2CWMT&feed=iex "HTTP/1.1 200 OK"
2026-02-22 18:59:44,960 INFO httpx HTTP Request: GET https://data.alpaca.markets/v1beta3/crypto/us/snapshots?symbols=BTC%2FUSD%2CETH%2FUSD%2CSOL%2FUSD "HTTP/1.1 200 OK"
2026-02-22 18:59:50,335 INFO httpx HTTP Request: GET https://data.alpaca.markets/v1beta3/crypto/us/snapshots?symbols=BTC%2FUSD%2CETH%2FUSD%2CSOL%2FUSD "HTTP/1.1 200 OK"
2026-02-22 18:59:55,678 INFO httpx HTTP Request: GET https://data.alpaca.markets/v1beta3/crypto/us/snapshots?symbols=BTC%2FUSD%2CETH%2FUSD%2CSOL%2FUSD "HTTP/1.1 200 OK"
2026-02-22 19:00:01,140 INFO httpx HTTP Request: GET https://data.alpaca.markets/v1beta3/crypto/us/snapshots?symbols=BTC%2FUSD%2CETH%2FUSD%2CSOL%2FUSD "HTTP/1.1 200 OK"
2026-02-22 19:00:06,477 INFO httpx HTTP Request: GET https://data.alpaca.markets/v1beta3/crypto/us/snapshots?symbols=BTC%2FUSD%2CETH%2FUSD%2CSOL%2FUSD "HTTP/1.1 200 OK"
2026-02-22 19:00:11,818 INFO httpx HTTP Request: GET https://data.alpaca.markets/v1beta3/crypto/us/snapshots?symbols=BTC%2FUSD%2CETH%2FUSD%2CSOL%2FUSD "HTTP/1.1 200 OK"
2026-02-22 19:00:17,168 INFO httpx HTTP Request: GET https://data.alpaca.markets/v1beta3/crypto/us/snapshots?symbols=BTC%2FUSD%2CETH%2FUSD%2CSOL%2FUSD "HTTP/1.1 200 OK"
2026-02-22 19:00:22,500 INFO httpx HTTP Request: GET https://data.alpaca.markets/v1beta3/crypto/us/snapshots?symbols=BTC%2FUSD%2CETH%2FUSD%2CSOL%2FUSD "HTTP/1.1 200 OK"
2026-02-22 19:00:27,850 INFO httpx HTTP Request: GET https://data.alpaca.markets/v1beta3/crypto/us/snapshots?symbols=BTC%2FUSD%2CETH%2FUSD%2CSOL%2FUSD "HTTP/1.1 200 OK"
2026-02-22 19:00:33,182 INFO httpx HTTP Request: GET https://data.alpaca.markets/v1beta3/crypto/us/snapshots?symbols=BTC%2FUSD%2CETH%2FUSD%2CSOL%2FUSD "HTTP/1.1 200 OK"
2026-02-22 19:00:38,511 INFO httpx HTTP Request: GET https://data.alpaca.markets/v1beta3/crypto/us/snapshots?symbols=BTC%2FUSD%2CETH%2FUSD%2CSOL%2FUSD "HTTP/1.1 200 OK"
2026-02-22 19:00:43,646 INFO httpx HTTP Request: GET https://data.alpaca.markets/v2/stocks/snapshots?symbols=AAPL%2CAMZN%2CGLD%2CGME%2CKO%2CMETA%2CNVDA%2CPG%2CSPY%2CTLT%2CTSLA%2CWMT&feed=iex "HTTP/1.1 200 OK"
2026-02-22 19:00:43,860 INFO httpx HTTP Request: GET https://data.alpaca.markets/v1beta3/crypto/us/snapshots?symbols=BTC%2FUSD%2CETH%2FUSD%2CSOL%2FUSD "HTTP/1.1 200 OK"
2026-02-22 19:00:49,204 INFO httpx HTTP Request: GET https://data.alpaca.markets/v1beta3/crypto/us/snapshots?symbols=BTC%2FUSD%2CETH%2FUSD%2CSOL%2FUSD "HTTP/1.1 200 OK"
2026-02-22 19:00:54,532 INFO httpx HTTP Request: GET https://data.alpaca.markets/v1beta3/crypto/us/snapshots?symbols=BTC%2FUSD%2CETH%2FUSD%2CSOL%2FUSD "HTTP/1.1 200 OK"
2026-02-22 19:00:59,863 INFO httpx HTTP Request: GET https://data.alpaca.markets/v1beta3/crypto/us/snapshots?symbols=BTC%2FUSD%2CETH%2FUSD%2CSOL%2FUSD "HTTP/1.1 200 OK"
2026-02-22 19:01:05,208 INFO httpx HTTP Request: GET https://data.alpaca.markets/v1beta3/crypto/us/snapshots?symbols=BTC%2FUSD%2CETH%2FUSD%2CSOL%2FUSD "HTTP/1.1 200 OK"
2026-02-22 19:01:10,548 INFO httpx HTTP Request: GET https://data.alpaca.markets/v1beta3/crypto/us/snapshots?symbols=BTC%2FUSD%2CETH%2FUSD%2CSOL%2FUSD "HTTP/1.1 200 OK"
2026-02-22 19:01:15,923 INFO httpx HTTP Request: GET https://data.alpaca.markets/v1beta3/crypto/us/snapshots?symbols=BTC%2FUSD%2CETH%2FUSD%2CSOL%2FUSD "HTTP/1.1 200 OK"
2026-02-22 19:01:21,269 INFO httpx HTTP Request: GET https://data.alpaca.markets/v1beta3/crypto/us/snapshots?symbols=BTC%2FUSD%2CETH%2FUSD%2CSOL%2FUSD "HTTP/1.1 200 OK"
2026-02-22 19:01:26,635 INFO httpx HTTP Request: GET https://data.alpaca.markets/v1beta3/crypto/us/snapshots?symbols=BTC%2FUSD%2CETH%2FUSD%2CSOL%2FUSD "HTTP/1.1 200 OK"
2026-02-22 19:01:31,967 INFO httpx HTTP Request: GET https://data.alpaca.markets/v1beta3/crypto/us/snapshots?symbols=BTC%2FUSD%2CETH%2FUSD%2CSOL%2FUSD "HTTP/1.1 200 OK"
2026-02-22 19:01:37,330 INFO httpx HTTP Request: GET https://data.alpaca.markets/v1beta3/crypto/us/snapshots?symbols=BTC%2FUSD%2CETH%2FUSD%2CSOL%2FUSD "HTTP/1.1 200 OK"
2026-02-22 19:01:42,654 INFO httpx HTTP Request: GET https://data.alpaca.markets/v1beta3/crypto/us/snapshots?symbols=BTC%2FUSD%2CETH%2FUSD%2CSOL%2FUSD "HTTP/1.1 200 OK"
2026-02-22 19:01:43,966 INFO httpx HTTP Request: GET https://data.alpaca.markets/v2/stocks/snapshots?symbols=AAPL%2CAMZN%2CGLD%2CGME%2CKO%2CMETA%2CNVDA%2CPG%2CSPY%2CTLT%2CTSLA%2CWMT&feed=iex "HTTP/1.1 200 OK"
2026-02-22 19:01:47,990 INFO httpx HTTP Request: GET https://data.alpaca.markets/v1beta3/crypto/us/snapshots?symbols=BTC%2FUSD%2CETH%2FUSD%2CSOL%2FUSD "HTTP/1.1 200 OK"
2026-02-22 19:01:53,312 INFO httpx HTTP Request: GET https://data.alpaca.markets/v1beta3/crypto/us/snapshots?symbols=BTC%2FUSD%2CETH%2FUSD%2CSOL%2FUSD "HTTP/1.1 200 OK"
2026-02-22 19:01:58,622 INFO httpx HTTP Request: GET https://data.alpaca.markets/v1beta3/crypto/us/snapshots?symbols=BTC%2FUSD%2CETH%2FUSD%2CSOL%2FUSD "HTTP/1.1 200 OK"
2026-02-22 19:02:03,984 INFO httpx HTTP Request: GET https://data.alpaca.markets/v1beta3/crypto/us/snapshots?symbols=BTC%2FUSD%2CETH%2FUSD%2CSOL%2FUSD "HTTP/1.1 200 OK"
2026-02-22 19:02:09,314 INFO httpx HTTP Request: GET https://data.alpaca.markets/v1beta3/crypto/us/snapshots?symbols=BTC%2FUSD%2CETH%2FUSD%2CSOL%2FUSD "HTTP/1.1 200 OK"
2026-02-22 19:02:14,681 INFO httpx HTTP Request: GET https://data.alpaca.markets/v1beta3/crypto/us/snapshots?symbols=BTC%2FUSD%2CETH%2FUSD%2CSOL%2FUSD "HTTP/1.1 200 OK"
2026-02-22 19:02:20,017 INFO httpx HTTP Request: GET https://data.alpaca.markets/v1beta3/crypto/us/snapshots?symbols=BTC%2FUSD%2CETH%2FUSD%2CSOL%2FUSD "HTTP/1.1 200 OK"
2026-02-22 19:02:25,337 INFO httpx HTTP Request: GET https://data.alpaca.markets/v1beta3/crypto/us/snapshots?symbols=BTC%2FUSD%2CETH%2FUSD%2CSOL%2FUSD "HTTP/1.1 200 OK"
2026-02-22 19:02:30,688 INFO httpx HTTP Request: GET https://data.alpaca.markets/v1beta3/crypto/us/snapshots?symbols=BTC%2FUSD%2CETH%2FUSD%2CSOL%2FUSD "HTTP/1.1 200 OK"
2026-02-22 19:02:36,020 INFO httpx HTTP Request: GET https://data.alpaca.markets/v1beta3/crypto/us/snapshots?symbols=BTC%2FUSD%2CETH%2FUSD%2CSOL%2FUSD "HTTP/1.1 200 OK"
2026-02-22 19:02:41,357 INFO httpx HTTP Request: GET https://data.alpaca.markets/v1beta3/crypto/us/snapshots?symbols=BTC%2FUSD%2CETH%2FUSD%2CSOL%2FUSD "HTTP/1.1 200 OK"
2026-02-22 19:02:44,298 INFO httpx HTTP Request: GET https://data.alpaca.markets/v2/stocks/snapshots?symbols=AAPL%2CAMZN%2CGLD%2CGME%2CKO%2CMETA%2CNVDA%2CPG%2CSPY%2CTLT%2CTSLA%2CWMT&feed=iex "HTTP/1.1 200 OK"
2026-02-22 19:02:46,697 INFO httpx HTTP Request: GET https://data.alpaca.markets/v1beta3/crypto/us/snapshots?symbols=BTC%2FUSD%2CETH%2FUSD%2CSOL%2FUSD "HTTP/1.1 200 OK"
2026-02-22 19:02:52,022 INFO httpx HTTP Request: GET https://data.alpaca.markets/v1beta3/crypto/us/snapshots?symbols=BTC%2FUSD%2CETH%2FUSD%2CSOL%2FUSD "HTTP/1.1 200 OK"
2026-02-22 19:02:57,371 INFO httpx HTTP Request: GET https://data.alpaca.markets/v1beta3/crypto/us/snapshots?symbols=BTC%2FUSD%2CETH%2FUSD%2CSOL%2FUSD "HTTP/1.1 200 OK"
2026-02-22 19:03:02,713 INFO httpx HTTP Request: GET https://data.alpaca.markets/v1beta3/crypto/us/snapshots?symbols=BTC%2FUSD%2CETH%2FUSD%2CSOL%2FUSD "HTTP/1.1 200 OK"
2026-02-22 19:03:08,058 INFO httpx HTTP Request: GET https://data.alpaca.markets/v1beta3/crypto/us/snapshots?symbols=BTC%2FUSD%2CETH%2FUSD%2CSOL%2FUSD "HTTP/1.1 200 OK"
2026-02-22 19:03:13,423 INFO httpx HTTP Request: GET https://data.alpaca.markets/v1beta3/crypto/us/snapshots?symbols=BTC%2FUSD%2CETH%2FUSD%2CSOL%2FUSD "HTTP/1.1 200 OK"
2026-02-22 19:03:18,759 INFO httpx HTTP Request: GET https://data.alpaca.markets/v1beta3/crypto/us/snapshots?symbols=BTC%2FUSD%2CETH%2FUSD%2CSOL%2FUSD "HTTP/1.1 200 OK"
2026-02-22 19:03:24,107 INFO httpx HTTP Request: GET https://data.alpaca.markets/v1beta3/crypto/us/snapshots?symbols=BTC%2FUSD%2CETH%2FUSD%2CSOL%2FUSD "HTTP/1.1 200 OK"
2026-02-22 19:03:29,449 INFO httpx HTTP Request: GET https://data.alpaca.markets/v1beta3/crypto/us/snapshots?symbols=BTC%2FUSD%2CETH%2FUSD%2CSOL%2FUSD "HTTP/1.1 200 OK"
2026-02-22 19:03:34,786 INFO httpx HTTP Request: GET https://data.alpaca.markets/v1beta3/crypto/us/snapshots?symbols=BTC%2FUSD%2CETH%2FUSD%2CSOL%2FUSD "HTTP/1.1 200 OK"
2026-02-22 19:03:40,121 INFO httpx HTTP Request: GET https://data.alpaca.markets/v1beta3/crypto/us/snapshots?symbols=BTC%2FUSD%2CETH%2FUSD%2CSOL%2FUSD "HTTP/1.1 200 OK"
2026-02-22 19:03:44,635 INFO httpx HTTP Request: GET https://data.alpaca.markets/v2/stocks/snapshots?symbols=AAPL%2CAMZN%2CGLD%2CGME%2CKO%2CMETA%2CNVDA%2CPG%2CSPY%2CTLT%2CTSLA%2CWMT&feed=iex "HTTP/1.1 200 OK"
2026-02-22 19:03:45,471 INFO httpx HTTP Request: GET https://data.alpaca.markets/v1beta3/crypto/us/snapshots?symbols=BTC%2FUSD%2CETH%2FUSD%2CSOL%2FUSD "HTTP/1.1 200 OK"
2026-02-22 19:03:50,807 INFO httpx HTTP Request: GET https://data.alpaca.markets/v1beta3/crypto/us/snapshots?symbols=BTC%2FUSD%2CETH%2FUSD%2CSOL%2FUSD "HTTP/1.1 200 OK"
2026-02-22 19:03:56,148 INFO httpx HTTP Request: GET https://data.alpaca.markets/v1beta3/crypto/us/snapshots?symbols=BTC%2FUSD%2CETH%2FUSD%2CSOL%2FUSD "HTTP/1.1 200 OK"
2026-02-22 19:04:01,484 INFO httpx HTTP Request: GET https://data.alpaca.markets/v1beta3/crypto/us/snapshots?symbols=BTC%2FUSD%2CETH%2FUSD%2CSOL%2FUSD "HTTP/1.1 200 OK"
2026-02-22 19:04:06,809 INFO httpx HTTP Request: GET https://data.alpaca.markets/v1beta3/crypto/us/snapshots?symbols=BTC%2FUSD%2CETH%2FUSD%2CSOL%2FUSD "HTTP/1.1 200 OK"
2026-02-22 19:04:12,168 INFO httpx HTTP Request: GET https://data.alpaca.markets/v1beta3/crypto/us/snapshots?symbols=BTC%2FUSD%2CETH%2FUSD%2CSOL%2FUSD "HTTP/1.1 200 OK"
2026-02-22 19:04:17,505 INFO httpx HTTP Request: GET https://data.alpaca.markets/v1beta3/crypto/us/snapshots?symbols=BTC%2FUSD%2CETH%2FUSD%2CSOL%2FUSD "HTTP/1.1 200 OK"
2026-02-22 19:04:22,839 INFO httpx HTTP Request: GET https://data.alpaca.markets/v1beta3/crypto/us/snapshots?symbols=BTC%2FUSD%2CETH%2FUSD%2CSOL%2FUSD "HTTP/1.1 200 OK"
2026-02-22 19:04:28,184 INFO httpx HTTP Request: GET https://data.alpaca.markets/v1beta3/crypto/us/snapshots?symbols=BTC%2FUSD%2CETH%2FUSD%2CSOL%2FUSD "HTTP/1.1 200 OK"
2026-02-22 19:04:33,532 INFO httpx HTTP Request: GET https://data.alpaca.markets/v1beta3/crypto/us/snapshots?symbols=BTC%2FUSD%2CETH%2FUSD%2CSOL%2FUSD "HTTP/1.1 200 OK"
2026-02-22 19:04:38,864 INFO httpx HTTP Request: GET https://data.alpaca.markets/v1beta3/crypto/us/snapshots?symbols=BTC%2FUSD%2CETH%2FUSD%2CSOL%2FUSD "HTTP/1.1 200 OK"
2026-02-22 19:04:44,187 INFO httpx HTTP Request: GET https://data.alpaca.markets/v1beta3/crypto/us/snapshots?symbols=BTC%2FUSD%2CETH%2FUSD%2CSOL%2FUSD "HTTP/1.1 200 OK"
2026-02-22 19:04:44,977 INFO httpx HTTP Request: GET https://data.alpaca.markets/v2/stocks/snapshots?symbols=AAPL%2CAMZN%2CGLD%2CGME%2CKO%2CMETA%2CNVDA%2CPG%2CSPY%2CTLT%2CTSLA%2CWMT&feed=iex "HTTP/1.1 200 OK"
2026-02-22 19:04:49,530 INFO httpx HTTP Request: GET https://data.alpaca.markets/v1beta3/crypto/us/snapshots?symbols=BTC%2FUSD%2CETH%2FUSD%2CSOL%2FUSD "HTTP/1.1 200 OK"
2026-02-22 19:04:54,859 INFO httpx HTTP Request: GET https://data.alpaca.markets/v1beta3/crypto/us/snapshots?symbols=BTC%2FUSD%2CETH%2FUSD%2CSOL%2FUSD "HTTP/1.1 200 OK"
2026-02-22 19:05:00,192 INFO httpx HTTP Request: GET https://data.alpaca.markets/v1beta3/crypto/us/snapshots?symbols=BTC%2FUSD%2CETH%2FUSD%2CSOL%2FUSD "HTTP/1.1 200 OK"
2026-02-22 19:05:05,542 INFO httpx HTTP Request: GET https://data.alpaca.markets/v1beta3/crypto/us/snapshots?symbols=BTC%2FUSD%2CETH%2FUSD%2CSOL%2FUSD "HTTP/1.1 200 OK"
2026-02-22 19:05:10,898 INFO httpx HTTP Request: GET https://data.alpaca.markets/v1beta3/crypto/us/snapshots?symbols=BTC%2FUSD%2CETH%2FUSD%2CSOL%2FUSD "HTTP/1.1 200 OK"
2026-02-22 19:05:16,231 INFO httpx HTTP Request: GET https://data.alpaca.markets/v1beta3/crypto/us/snapshots?symbols=BTC%2FUSD%2CETH%2FUSD%2CSOL%2FUSD "HTTP/1.1 200 OK"
2026-02-22 19:05:21,564 INFO httpx HTTP Request: GET https://data.alpaca.markets/v1beta3/crypto/us/snapshots?symbols=BTC%2FUSD%2CETH%2FUSD%2CSOL%2FUSD "HTTP/1.1 200 OK"
2026-02-22 19:05:26,898 INFO httpx HTTP Request: GET https://data.alpaca.markets/v1beta3/crypto/us/snapshots?symbols=BTC%2FUSD%2CETH%2FUSD%2CSOL%2FUSD "HTTP/1.1 200 OK"
2026-02-22 19:05:32,233 INFO httpx HTTP Request: GET https://data.alpaca.markets/v1beta3/crypto/us/snapshots?symbols=BTC%2FUSD%2CETH%2FUSD%2CSOL%2FUSD "HTTP/1.1 200 OK"
2026-02-22 19:05:37,568 INFO httpx HTTP Request: GET https://data.alpaca.markets/v1beta3/crypto/us/snapshots?symbols=BTC%2FUSD%2CETH%2FUSD%2CSOL%2FUSD "HTTP/1.1 200 OK"
2026-02-22 19:05:42,909 INFO httpx HTTP Request: GET https://data.alpaca.markets/v1beta3/crypto/us/snapshots?symbols=BTC%2FUSD%2CETH%2FUSD%2CSOL%2FUSD "HTTP/1.1 200 OK"
2026-02-22 19:05:45,299 INFO httpx HTTP Request: GET https://data.alpaca.markets/v2/stocks/snapshots?symbols=AAPL%2CAMZN%2CGLD%2CGME%2CKO%2CMETA%2CNVDA%2CPG%2CSPY%2CTLT%2CTSLA%2CWMT&feed=iex "HTTP/1.1 200 OK"
2026-02-22 19:05:48,256 INFO httpx HTTP Request: GET https://data.alpaca.markets/v1beta3/crypto/us/snapshots?symbols=BTC%2FUSD%2CETH%2FUSD%2CSOL%2FUSD "HTTP/1.1 200 OK"
2026-02-22 19:05:53,608 INFO httpx HTTP Request: GET https://data.alpaca.markets/v1beta3/crypto/us/snapshots?symbols=BTC%2FUSD%2CETH%2FUSD%2CSOL%2FUSD "HTTP/1.1 200 OK"
2026-02-22 19:05:58,957 INFO httpx HTTP Request: GET https://data.alpaca.markets/v1beta3/crypto/us/snapshots?symbols=BTC%2FUSD%2CETH%2FUSD%2CSOL%2FUSD "HTTP/1.1 200 OK"
2026-02-22 19:06:04,299 INFO httpx HTTP Request: GET https://data.alpaca.markets/v1beta3/crypto/us/snapshots?symbols=BTC%2FUSD%2CETH%2FUSD%2CSOL%2FUSD "HTTP/1.1 200 OK"
2026-02-22 19:06:09,637 INFO httpx HTTP Request: GET https://data.alpaca.markets/v1beta3/crypto/us/snapshots?symbols=BTC%2FUSD%2CETH%2FUSD%2CSOL%2FUSD "HTTP/1.1 200 OK"
2026-02-22 19:06:14,973 INFO httpx HTTP Request: GET https://data.alpaca.markets/v1beta3/crypto/us/snapshots?symbols=BTC%2FUSD%2CETH%2FUSD%2CSOL%2FUSD "HTTP/1.1 200 OK"
2026-02-22 19:06:20,308 INFO httpx HTTP Request: GET https://data.alpaca.markets/v1beta3/crypto/us/snapshots?symbols=BTC%2FUSD%2CETH%2FUSD%2CSOL%2FUSD "HTTP/1.1 200 OK"
2026-02-22 19:06:25,637 INFO httpx HTTP Request: GET https://data.alpaca.markets/v1beta3/crypto/us/snapshots?symbols=BTC%2FUSD%2CETH%2FUSD%2CSOL%2FUSD "HTTP/1.1 200 OK"
2026-02-22 19:06:30,971 INFO httpx HTTP Request: GET https://data.alpaca.markets/v1beta3/crypto/us/snapshots?symbols=BTC%2FUSD%2CETH%2FUSD%2CSOL%2FUSD "HTTP/1.1 200 OK"
2026-02-22 19:06:36,305 INFO httpx HTTP Request: GET https://data.alpaca.markets/v1beta3/crypto/us/snapshots?symbols=BTC%2FUSD%2CETH%2FUSD%2CSOL%2FUSD "HTTP/1.1 200 OK"
2026-02-22 19:06:41,625 INFO httpx HTTP Request: GET https://data.alpaca.markets/v1beta3/crypto/us/snapshots?symbols=BTC%2FUSD%2CETH%2FUSD%2CSOL%2FUSD "HTTP/1.1 200 OK"
2026-02-22 19:06:45,654 INFO httpx HTTP Request: GET https://data.alpaca.markets/v2/stocks/snapshots?symbols=AAPL%2CAMZN%2CGLD%2CGME%2CKO%2CMETA%2CNVDA%2CPG%2CSPY%2CTLT%2CTSLA%2CWMT&feed=iex "HTTP/1.1 200 OK"
2026-02-22 19:06:46,972 INFO httpx HTTP Request: GET https://data.alpaca.markets/v1beta3/crypto/us/snapshots?symbols=BTC%2FUSD%2CETH%2FUSD%2CSOL%2FUSD "HTTP/1.1 200 OK"
2026-02-22 19:06:52,314 INFO httpx HTTP Request: GET https://data.alpaca.markets/v1beta3/crypto/us/snapshots?symbols=BTC%2FUSD%2CETH%2FUSD%2CSOL%2FUSD "HTTP/1.1 200 OK"
2026-02-22 19:06:57,664 INFO httpx HTTP Request: GET https://data.alpaca.markets/v1beta3/crypto/us/snapshots?symbols=BTC%2FUSD%2CETH%2FUSD%2CSOL%2FUSD "HTTP/1.1 200 OK"
2026-02-22 19:07:02,977 INFO httpx HTTP Request: GET https://data.alpaca.markets/v1beta3/crypto/us/snapshots?symbols=BTC%2FUSD%2CETH%2FUSD%2CSOL%2FUSD "HTTP/1.1 200 OK"
2026-02-22 19:07:08,309 INFO httpx HTTP Request: GET https://data.alpaca.markets/v1beta3/crypto/us/snapshots?symbols=BTC%2FUSD%2CETH%2FUSD%2CSOL%2FUSD "HTTP/1.1 200 OK"
2026-02-22 19:07:13,658 INFO httpx HTTP Request: GET https://data.alpaca.markets/v1beta3/crypto/us/snapshots?symbols=BTC%2FUSD%2CETH%2FUSD%2CSOL%2FUSD "HTTP/1.1 200 OK"
2026-02-22 19:07:18,987 INFO httpx HTTP Request: GET https://data.alpaca.markets/v1beta3/crypto/us/snapshots?symbols=BTC%2FUSD%2CETH%2FUSD%2CSOL%2FUSD "HTTP/1.1 200 OK"
2026-02-22 19:07:24,320 INFO httpx HTTP Request: GET https://data.alpaca.markets/v1beta3/crypto/us/snapshots?symbols=BTC%2FUSD%2CETH%2FUSD%2CSOL%2FUSD "HTTP/1.1 200 OK"
2026-02-22 19:07:29,641 INFO httpx HTTP Request: GET https://data.alpaca.markets/v1beta3/crypto/us/snapshots?symbols=BTC%2FUSD%2CETH%2FUSD%2CSOL%2FUSD "HTTP/1.1 200 OK"
2026-02-22 19:07:34,975 INFO httpx HTTP Request: GET https://data.alpaca.markets/v1beta3/crypto/us/snapshots?symbols=BTC%2FUSD%2CETH%2FUSD%2CSOL%2FUSD "HTTP/1.1 200 OK"
2026-02-22 19:07:36,869 INFO httpx HTTP Request: GET https://feeds.a.dj.com/rss/RSSMarketsMain.xml "HTTP/1.1 200 OK"
2026-02-22 19:07:36,956 INFO httpx HTTP Request: GET https://www.marketwatch.com/rss/topstories "HTTP/1.1 301 Found"
2026-02-22 19:07:37,290 INFO httpx HTTP Request: GET https://feeds.marketwatch.com/marketwatch/topstories "HTTP/1.1 301 Moved Permanently"
2026-02-22 19:07:37,357 INFO httpx HTTP Request: GET https://feeds.content.dowjones.io/public/rss/mw_topstories "HTTP/1.1 200 OK"
2026-02-22 19:07:40,322 INFO httpx HTTP Request: GET https://data.alpaca.markets/v1beta3/crypto/us/snapshots?symbols=BTC%2FUSD%2CETH%2FUSD%2CSOL%2FUSD "HTTP/1.1 200 OK"
2026-02-22 19:07:45,648 INFO httpx HTTP Request: GET https://data.alpaca.markets/v1beta3/crypto/us/snapshots?symbols=BTC%2FUSD%2CETH%2FUSD%2CSOL%2FUSD "HTTP/1.1 200 OK"
2026-02-22 19:07:46,017 INFO httpx HTTP Request: GET https://data.alpaca.markets/v2/stocks/snapshots?symbols=AAPL%2CAMZN%2CGLD%2CGME%2CKO%2CMETA%2CNVDA%2CPG%2CSPY%2CTLT%2CTSLA%2CWMT&feed=iex "HTTP/1.1 200 OK"
2026-02-22 19:07:50,984 INFO httpx HTTP Request: GET https://data.alpaca.markets/v1beta3/crypto/us/snapshots?symbols=BTC%2FUSD%2CETH%2FUSD%2CSOL%2FUSD "HTTP/1.1 200 OK"
2026-02-22 19:07:56,319 INFO httpx HTTP Request: GET https://data.alpaca.markets/v1beta3/crypto/us/snapshots?symbols=BTC%2FUSD%2CETH%2FUSD%2CSOL%2FUSD "HTTP/1.1 200 OK"
2026-02-22 19:08:01,652 INFO httpx HTTP Request: GET https://data.alpaca.markets/v1beta3/crypto/us/snapshots?symbols=BTC%2FUSD%2CETH%2FUSD%2CSOL%2FUSD "HTTP/1.1 200 OK"
2026-02-22 19:08:06,973 INFO httpx HTTP Request: GET https://data.alpaca.markets/v1beta3/crypto/us/snapshots?symbols=BTC%2FUSD%2CETH%2FUSD%2CSOL%2FUSD "HTTP/1.1 200 OK"
2026-02-22 19:08:12,307 INFO httpx HTTP Request: GET https://data.alpaca.markets/v1beta3/crypto/us/snapshots?symbols=BTC%2FUSD%2CETH%2FUSD%2CSOL%2FUSD "HTTP/1.1 200 OK"
2026-02-22 19:08:17,628 INFO httpx HTTP Request: GET https://data.alpaca.markets/v1beta3/crypto/us/snapshots?symbols=BTC%2FUSD%2CETH%2FUSD%2CSOL%2FUSD "HTTP/1.1 200 OK"
2026-02-22 19:08:22,984 INFO httpx HTTP Request: GET https://data.alpaca.markets/v1beta3/crypto/us/snapshots?symbols=BTC%2FUSD%2CETH%2FUSD%2CSOL%2FUSD "HTTP/1.1 200 OK"
2026-02-22 19:08:28,316 INFO httpx HTTP Request: GET https://data.alpaca.markets/v1beta3/crypto/us/snapshots?symbols=BTC%2FUSD%2CETH%2FUSD%2CSOL%2FUSD "HTTP/1.1 200 OK"
2026-02-22 19:08:33,638 INFO httpx HTTP Request: GET https://data.alpaca.markets/v1beta3/crypto/us/snapshots?symbols=BTC%2FUSD%2CETH%2FUSD%2CSOL%2FUSD "HTTP/1.1 200 OK"
2026-02-22 19:08:38,962 INFO httpx HTTP Request: GET https://data.alpaca.markets/v1beta3/crypto/us/snapshots?symbols=BTC%2FUSD%2CETH%2FUSD%2CSOL%2FUSD "HTTP/1.1 200 OK"
2026-02-22 19:08:44,293 INFO httpx HTTP Request: GET https://data.alpaca.markets/v1beta3/crypto/us/snapshots?symbols=BTC%2FUSD%2CETH%2FUSD%2CSOL%2FUSD "HTTP/1.1 200 OK"
2026-02-22 19:08:46,346 INFO httpx HTTP Request: GET https://data.alpaca.markets/v2/stocks/snapshots?symbols=AAPL%2CAMZN%2CGLD%2CGME%2CKO%2CMETA%2CNVDA%2CPG%2CSPY%2CTLT%2CTSLA%2CWMT&feed=iex "HTTP/1.1 200 OK"
2026-02-22 19:08:49,621 INFO httpx HTTP Request: GET https://data.alpaca.markets/v1beta3/crypto/us/snapshots?symbols=BTC%2FUSD%2CETH%2FUSD%2CSOL%2FUSD "HTTP/1.1 200 OK"
2026-02-22 19:08:54,962 INFO httpx HTTP Request: GET https://data.alpaca.markets/v1beta3/crypto/us/snapshots?symbols=BTC%2FUSD%2CETH%2FUSD%2CSOL%2FUSD "HTTP/1.1 200 OK"
2026-02-22 19:09:00,288 INFO httpx HTTP Request: GET https://data.alpaca.markets/v1beta3/crypto/us/snapshots?symbols=BTC%2FUSD%2CETH%2FUSD%2CSOL%2FUSD "HTTP/1.1 200 OK"
2026-02-22 19:09:05,625 INFO httpx HTTP Request: GET https://data.alpaca.markets/v1beta3/crypto/us/snapshots?symbols=BTC%2FUSD%2CETH%2FUSD%2CSOL%2FUSD "HTTP/1.1 200 OK"
2026-02-22 19:09:10,951 INFO httpx HTTP Request: GET https://data.alpaca.markets/v1beta3/crypto/us/snapshots?symbols=BTC%2FUSD%2CETH%2FUSD%2CSOL%2FUSD "HTTP/1.1 200 OK"
2026-02-22 19:09:16,288 INFO httpx HTTP Request: GET https://data.alpaca.markets/v1beta3/crypto/us/snapshots?symbols=BTC%2FUSD%2CETH%2FUSD%2CSOL%2FUSD "HTTP/1.1 200 OK"
2026-02-22 19:09:21,617 INFO httpx HTTP Request: GET https://data.alpaca.markets/v1beta3/crypto/us/snapshots?symbols=BTC%2FUSD%2CETH%2FUSD%2CSOL%2FUSD "HTTP/1.1 200 OK"
2026-02-22 19:09:26,946 INFO httpx HTTP Request: GET https://data.alpaca.markets/v1beta3/crypto/us/snapshots?symbols=BTC%2FUSD%2CETH%2FUSD%2CSOL%2FUSD "HTTP/1.1 200 OK"
2026-02-22 19:09:32,290 INFO httpx HTTP Request: GET https://data.alpaca.markets/v1beta3/crypto/us/snapshots?symbols=BTC%2FUSD%2CETH%2FUSD%2CSOL%2FUSD "HTTP/1.1 200 OK"
2026-02-22 19:09:37,635 INFO httpx HTTP Request: GET https://data.alpaca.markets/v1beta3/crypto/us/snapshots?symbols=BTC%2FUSD%2CETH%2FUSD%2CSOL%2FUSD "HTTP/1.1 200 OK"
2026-02-22 19:09:42,973 INFO httpx HTTP Request: GET https://data.alpaca.markets/v1beta3/crypto/us/snapshots?symbols=BTC%2FUSD%2CETH%2FUSD%2CSOL%2FUSD "HTTP/1.1 200 OK"
2026-02-22 19:09:46,680 INFO httpx HTTP Request: GET https://data.alpaca.markets/v2/stocks/snapshots?symbols=AAPL%2CAMZN%2CGLD%2CGME%2CKO%2CMETA%2CNVDA%2CPG%2CSPY%2CTLT%2CTSLA%2CWMT&feed=iex "HTTP/1.1 200 OK"
2026-02-22 19:09:48,316 INFO httpx HTTP Request: GET https://data.alpaca.markets/v1beta3/crypto/us/snapshots?symbols=BTC%2FUSD%2CETH%2FUSD%2CSOL%2FUSD "HTTP/1.1 200 OK"
2026-02-22 19:09:53,661 INFO httpx HTTP Request: GET https://data.alpaca.markets/v1beta3/crypto/us/snapshots?symbols=BTC%2FUSD%2CETH%2FUSD%2CSOL%2FUSD "HTTP/1.1 200 OK"
2026-02-22 19:09:58,992 INFO httpx HTTP Request: GET https://data.alpaca.markets/v1beta3/crypto/us/snapshots?symbols=BTC%2FUSD%2CETH%2FUSD%2CSOL%2FUSD "HTTP/1.1 200 OK"
2026-02-22 19:10:04,311 INFO httpx HTTP Request: GET https://data.alpaca.markets/v1beta3/crypto/us/snapshots?symbols=BTC%2FUSD%2CETH%2FUSD%2CSOL%2FUSD "HTTP/1.1 200 OK"
2026-02-22 19:10:09,645 INFO httpx HTTP Request: GET https://data.alpaca.markets/v1beta3/crypto/us/snapshots?symbols=BTC%2FUSD%2CETH%2FUSD%2CSOL%2FUSD "HTTP/1.1 200 OK"
2026-02-22 19:10:14,980 INFO httpx HTTP Request: GET https://data.alpaca.markets/v1beta3/crypto/us/snapshots?symbols=BTC%2FUSD%2CETH%2FUSD%2CSOL%2FUSD "HTTP/1.1 200 OK"
2026-02-22 19:10:20,339 INFO httpx HTTP Request: GET https://data.alpaca.markets/v1beta3/crypto/us/snapshots?symbols=BTC%2FUSD%2CETH%2FUSD%2CSOL%2FUSD "HTTP/1.1 200 OK"
2026-02-22 19:10:25,669 INFO httpx HTTP Request: GET https://data.alpaca.markets/v1beta3/crypto/us/snapshots?symbols=BTC%2FUSD%2CETH%2FUSD%2CSOL%2FUSD "HTTP/1.1 200 OK"
2026-02-22 19:10:31,028 INFO httpx HTTP Request: GET https://data.alpaca.markets/v1beta3/crypto/us/snapshots?symbols=BTC%2FUSD%2CETH%2FUSD%2CSOL%2FUSD "HTTP/1.1 200 OK"
2026-02-22 19:10:36,359 INFO httpx HTTP Request: GET https://data.alpaca.markets/v1beta3/crypto/us/snapshots?symbols=BTC%2FUSD%2CETH%2FUSD%2CSOL%2FUSD "HTTP/1.1 200 OK"
2026-02-22 19:10:41,675 INFO httpx HTTP Request: GET https://data.alpaca.markets/v1beta3/crypto/us/snapshots?symbols=BTC%2FUSD%2CETH%2FUSD%2CSOL%2FUSD "HTTP/1.1 200 OK"
2026-02-22 19:10:47,021 INFO httpx HTTP Request: GET https://data.alpaca.markets/v2/stocks/snapshots?symbols=AAPL%2CAMZN%2CGLD%2CGME%2CKO%2CMETA%2CNVDA%2CPG%2CSPY%2CTLT%2CTSLA%2CWMT&feed=iex "HTTP/1.1 200 OK"
2026-02-22 19:10:47,022 INFO httpx HTTP Request: GET https://data.alpaca.markets/v1beta3/crypto/us/snapshots?symbols=BTC%2FUSD%2CETH%2FUSD%2CSOL%2FUSD "HTTP/1.1 200 OK"
2026-02-22 19:10:52,370 INFO httpx HTTP Request: GET https://data.alpaca.markets/v1beta3/crypto/us/snapshots?symbols=BTC%2FUSD%2CETH%2FUSD%2CSOL%2FUSD "HTTP/1.1 200 OK"
2026-02-22 19:10:57,702 INFO httpx HTTP Request: GET https://data.alpaca.markets/v1beta3/crypto/us/snapshots?symbols=BTC%2FUSD%2CETH%2FUSD%2CSOL%2FUSD "HTTP/1.1 200 OK"
2026-02-22 19:11:03,047 INFO httpx HTTP Request: GET https://data.alpaca.markets/v1beta3/crypto/us/snapshots?symbols=BTC%2FUSD%2CETH%2FUSD%2CSOL%2FUSD "HTTP/1.1 200 OK"
2026-02-22 19:11:08,375 INFO httpx HTTP Request: GET https://data.alpaca.markets/v1beta3/crypto/us/snapshots?symbols=BTC%2FUSD%2CETH%2FUSD%2CSOL%2FUSD "HTTP/1.1 200 OK"
2026-02-22 19:11:13,689 INFO httpx HTTP Request: GET https://data.alpaca.markets/v1beta3/crypto/us/snapshots?symbols=BTC%2FUSD%2CETH%2FUSD%2CSOL%2FUSD "HTTP/1.1 200 OK"
2026-02-22 19:11:19,028 INFO httpx HTTP Request: GET https://data.alpaca.markets/v1beta3/crypto/us/snapshots?symbols=BTC%2FUSD%2CETH%2FUSD%2CSOL%2FUSD "HTTP/1.1 200 OK"
2026-02-22 19:11:24,396 INFO httpx HTTP Request: GET https://data.alpaca.markets/v1beta3/crypto/us/snapshots?symbols=BTC%2FUSD%2CETH%2FUSD%2CSOL%2FUSD "HTTP/1.1 200 OK"
2026-02-22 19:11:29,746 INFO httpx HTTP Request: GET https://data.alpaca.markets/v1beta3/crypto/us/snapshots?symbols=BTC%2FUSD%2CETH%2FUSD%2CSOL%2FUSD "HTTP/1.1 200 OK"
2026-02-22 19:11:35,075 INFO httpx HTTP Request: GET https://data.alpaca.markets/v1beta3/crypto/us/snapshots?symbols=BTC%2FUSD%2CETH%2FUSD%2CSOL%2FUSD "HTTP/1.1 200 OK"
2026-02-22 19:11:40,427 INFO httpx HTTP Request: GET https://data.alpaca.markets/v1beta3/crypto/us/snapshots?symbols=BTC%2FUSD%2CETH%2FUSD%2CSOL%2FUSD "HTTP/1.1 200 OK"
2026-02-22 19:11:45,776 INFO httpx HTTP Request: GET https://data.alpaca.markets/v1beta3/crypto/us/snapshots?symbols=BTC%2FUSD%2CETH%2FUSD%2CSOL%2FUSD "HTTP/1.1 200 OK"
2026-02-22 19:11:47,432 INFO httpx HTTP Request: GET https://data.alpaca.markets/v2/stocks/snapshots?symbols=AAPL%2CAMZN%2CGLD%2CGME%2CKO%2CMETA%2CNVDA%2CPG%2CSPY%2CTLT%2CTSLA%2CWMT&feed=iex "HTTP/1.1 200 OK"
2026-02-22 19:11:51,109 INFO httpx HTTP Request: GET https://data.alpaca.markets/v1beta3/crypto/us/snapshots?symbols=BTC%2FUSD%2CETH%2FUSD%2CSOL%2FUSD "HTTP/1.1 200 OK"
2026-02-22 19:11:56,440 INFO httpx HTTP Request: GET https://data.alpaca.markets/v1beta3/crypto/us/snapshots?symbols=BTC%2FUSD%2CETH%2FUSD%2CSOL%2FUSD "HTTP/1.1 200 OK"
2026-02-22 19:12:01,776 INFO httpx HTTP Request: GET https://data.alpaca.markets/v1beta3/crypto/us/snapshots?symbols=BTC%2FUSD%2CETH%2FUSD%2CSOL%2FUSD "HTTP/1.1 200 OK"
2026-02-22 19:12:07,113 INFO httpx HTTP Request: GET https://data.alpaca.markets/v1beta3/crypto/us/snapshots?symbols=BTC%2FUSD%2CETH%2FUSD%2CSOL%2FUSD "HTTP/1.1 200 OK"
2026-02-22 19:12:12,446 INFO httpx HTTP Request: GET https://data.alpaca.markets/v1beta3/crypto/us/snapshots?symbols=BTC%2FUSD%2CETH%2FUSD%2CSOL%2FUSD "HTTP/1.1 200 OK"
2026-02-22 19:12:17,784 INFO httpx HTTP Request: GET https://data.alpaca.markets/v1beta3/crypto/us/snapshots?symbols=BTC%2FUSD%2CETH%2FUSD%2CSOL%2FUSD "HTTP/1.1 200 OK"
2026-02-22 19:12:23,130 INFO httpx HTTP Request: GET https://data.alpaca.markets/v1beta3/crypto/us/snapshots?symbols=BTC%2FUSD%2CETH%2FUSD%2CSOL%2FUSD "HTTP/1.1 200 OK"
2026-02-22 19:12:28,488 INFO httpx HTTP Request: GET https://data.alpaca.markets/v1beta3/crypto/us/snapshots?symbols=BTC%2FUSD%2CETH%2FUSD%2CSOL%2FUSD "HTTP/1.1 200 OK"
2026-02-22 19:12:33,826 INFO httpx HTTP Request: GET https://data.alpaca.markets/v1beta3/crypto/us/snapshots?symbols=BTC%2FUSD%2CETH%2FUSD%2CSOL%2FUSD "HTTP/1.1 200 OK"
2026-02-22 19:12:39,149 INFO httpx HTTP Request: GET https://data.alpaca.markets/v1beta3/crypto/us/snapshots?symbols=BTC%2FUSD%2CETH%2FUSD%2CSOL%2FUSD "HTTP/1.1 200 OK"
2026-02-22 19:12:44,487 INFO httpx HTTP Request: GET https://data.alpaca.markets/v1beta3/crypto/us/snapshots?symbols=BTC%2FUSD%2CETH%2FUSD%2CSOL%2FUSD "HTTP/1.1 200 OK"
2026-02-22 19:12:47,772 INFO httpx HTTP Request: GET https://data.alpaca.markets/v2/stocks/snapshots?symbols=AAPL%2CAMZN%2CGLD%2CGME%2CKO%2CMETA%2CNVDA%2CPG%2CSPY%2CTLT%2CTSLA%2CWMT&feed=iex "HTTP/1.1 200 OK"
2026-02-22 19:12:49,814 INFO httpx HTTP Request: GET https://data.alpaca.markets/v1beta3/crypto/us/snapshots?symbols=BTC%2FUSD%2CETH%2FUSD%2CSOL%2FUSD "HTTP/1.1 200 OK"
2026-02-22 19:12:55,144 INFO httpx HTTP Request: GET https://data.alpaca.markets/v1beta3/crypto/us/snapshots?symbols=BTC%2FUSD%2CETH%2FUSD%2CSOL%2FUSD "HTTP/1.1 200 OK"
2026-02-22 19:13:00,480 INFO httpx HTTP Request: GET https://data.alpaca.markets/v1beta3/crypto/us/snapshots?symbols=BTC%2FUSD%2CETH%2FUSD%2CSOL%2FUSD "HTTP/1.1 200 OK"
2026-02-22 19:13:05,921 INFO httpx HTTP Request: GET https://data.alpaca.markets/v1beta3/crypto/us/snapshots?symbols=BTC%2FUSD%2CETH%2FUSD%2CSOL%2FUSD "HTTP/1.1 200 OK"
2026-02-22 19:13:11,266 INFO httpx HTTP Request: GET https://data.alpaca.markets/v1beta3/crypto/us/snapshots?symbols=BTC%2FUSD%2CETH%2FUSD%2CSOL%2FUSD "HTTP/1.1 200 OK"
2026-02-22 19:13:16,599 INFO httpx HTTP Request: GET https://data.alpaca.markets/v1beta3/crypto/us/snapshots?symbols=BTC%2FUSD%2CETH%2FUSD%2CSOL%2FUSD "HTTP/1.1 200 OK"
2026-02-22 19:13:21,971 INFO httpx HTTP Request: GET https://data.alpaca.markets/v1beta3/crypto/us/snapshots?symbols=BTC%2FUSD%2CETH%2FUSD%2CSOL%2FUSD "HTTP/1.1 200 OK"
2026-02-22 19:13:27,335 INFO httpx HTTP Request: GET https://data.alpaca.markets/v1beta3/crypto/us/snapshots?symbols=BTC%2FUSD%2CETH%2FUSD%2CSOL%2FUSD "HTTP/1.1 200 OK"
2026-02-22 19:13:32,677 INFO httpx HTTP Request: GET https://data.alpaca.markets/v1beta3/crypto/us/snapshots?symbols=BTC%2FUSD%2CETH%2FUSD%2CSOL%2FUSD "HTTP/1.1 200 OK"
2026-02-22 19:13:37,999 INFO httpx HTTP Request: GET https://data.alpaca.markets/v1beta3/crypto/us/snapshots?symbols=BTC%2FUSD%2CETH%2FUSD%2CSOL%2FUSD "HTTP/1.1 200 OK"
2026-02-22 19:13:43,329 INFO httpx HTTP Request: GET https://data.alpaca.markets/v1beta3/crypto/us/snapshots?symbols=BTC%2FUSD%2CETH%2FUSD%2CSOL%2FUSD "HTTP/1.1 200 OK"
2026-02-22 19:13:48,103 INFO httpx HTTP Request: GET https://data.alpaca.markets/v2/stocks/snapshots?symbols=AAPL%2CAMZN%2CGLD%2CGME%2CKO%2CMETA%2CNVDA%2CPG%2CSPY%2CTLT%2CTSLA%2CWMT&feed=iex "HTTP/1.1 200 OK"
2026-02-22 19:13:48,651 INFO httpx HTTP Request: GET https://data.alpaca.markets/v1beta3/crypto/us/snapshots?symbols=BTC%2FUSD%2CETH%2FUSD%2CSOL%2FUSD "HTTP/1.1 200 OK"
2026-02-22 19:13:53,983 INFO httpx HTTP Request: GET https://data.alpaca.markets/v1beta3/crypto/us/snapshots?symbols=BTC%2FUSD%2CETH%2FUSD%2CSOL%2FUSD "HTTP/1.1 200 OK"
2026-02-22 19:13:59,320 INFO httpx HTTP Request: GET https://data.alpaca.markets/v1beta3/crypto/us/snapshots?symbols=BTC%2FUSD%2CETH%2FUSD%2CSOL%2FUSD "HTTP/1.1 200 OK"
2026-02-22 19:14:04,630 INFO httpx HTTP Request: GET https://data.alpaca.markets/v1beta3/crypto/us/snapshots?symbols=BTC%2FUSD%2CETH%2FUSD%2CSOL%2FUSD "HTTP/1.1 200 OK"
2026-02-22 19:14:09,964 INFO httpx HTTP Request: GET https://data.alpaca.markets/v1beta3/crypto/us/snapshots?symbols=BTC%2FUSD%2CETH%2FUSD%2CSOL%2FUSD "HTTP/1.1 200 OK"
2026-02-22 19:14:15,294 INFO httpx HTTP Request: GET https://data.alpaca.markets/v1beta3/crypto/us/snapshots?symbols=BTC%2FUSD%2CETH%2FUSD%2CSOL%2FUSD "HTTP/1.1 200 OK"
2026-02-22 19:14:20,629 INFO httpx HTTP Request: GET https://data.alpaca.markets/v1beta3/crypto/us/snapshots?symbols=BTC%2FUSD%2CETH%2FUSD%2CSOL%2FUSD "HTTP/1.1 200 OK"
2026-02-22 19:14:25,963 INFO httpx HTTP Request: GET https://data.alpaca.markets/v1beta3/crypto/us/snapshots?symbols=BTC%2FUSD%2CETH%2FUSD%2CSOL%2FUSD "HTTP/1.1 200 OK"
2026-02-22 19:14:31,304 INFO httpx HTTP Request: GET https://data.alpaca.markets/v1beta3/crypto/us/snapshots?symbols=BTC%2FUSD%2CETH%2FUSD%2CSOL%2FUSD "HTTP/1.1 200 OK"
2026-02-22 19:14:36,637 INFO httpx HTTP Request: GET https://data.alpaca.markets/v1beta3/crypto/us/snapshots?symbols=BTC%2FUSD%2CETH%2FUSD%2CSOL%2FUSD "HTTP/1.1 200 OK"
2026-02-22 19:14:41,971 INFO httpx HTTP Request: GET https://data.alpaca.markets/v1beta3/crypto/us/snapshots?symbols=BTC%2FUSD%2CETH%2FUSD%2CSOL%2FUSD "HTTP/1.1 200 OK"
2026-02-22 19:14:47,293 INFO httpx HTTP Request: GET https://data.alpaca.markets/v1beta3/crypto/us/snapshots?symbols=BTC%2FUSD%2CETH%2FUSD%2CSOL%2FUSD "HTTP/1.1 200 OK"
2026-02-22 19:14:48,500 INFO httpx HTTP Request: GET https://data.alpaca.markets/v2/stocks/snapshots?symbols=AAPL%2CAMZN%2CGLD%2CGME%2CKO%2CMETA%2CNVDA%2CPG%2CSPY%2CTLT%2CTSLA%2CWMT&feed=iex "HTTP/1.1 200 OK"
2026-02-22 19:14:52,625 INFO httpx HTTP Request: GET https://data.alpaca.markets/v1beta3/crypto/us/snapshots?symbols=BTC%2FUSD%2CETH%2FUSD%2CSOL%2FUSD "HTTP/1.1 200 OK"
2026-02-22 19:14:57,954 INFO httpx HTTP Request: GET https://data.alpaca.markets/v1beta3/crypto/us/snapshots?symbols=BTC%2FUSD%2CETH%2FUSD%2CSOL%2FUSD "HTTP/1.1 200 OK"
2026-02-22 19:15:03,289 INFO httpx HTTP Request: GET https://data.alpaca.markets/v1beta3/crypto/us/snapshots?symbols=BTC%2FUSD%2CETH%2FUSD%2CSOL%2FUSD "HTTP/1.1 200 OK"
2026-02-22 19:15:08,619 INFO httpx HTTP Request: GET https://data.alpaca.markets/v1beta3/crypto/us/snapshots?symbols=BTC%2FUSD%2CETH%2FUSD%2CSOL%2FUSD "HTTP/1.1 200 OK"
2026-02-22 19:15:13,929 INFO httpx HTTP Request: GET https://data.alpaca.markets/v1beta3/crypto/us/snapshots?symbols=BTC%2FUSD%2CETH%2FUSD%2CSOL%2FUSD "HTTP/1.1 200 OK"
2026-02-22 19:15:19,263 INFO httpx HTTP Request: GET https://data.alpaca.markets/v1beta3/crypto/us/snapshots?symbols=BTC%2FUSD%2CETH%2FUSD%2CSOL%2FUSD "HTTP/1.1 200 OK"
2026-02-22 19:15:24,597 INFO httpx HTTP Request: GET https://data.alpaca.markets/v1beta3/crypto/us/snapshots?symbols=BTC%2FUSD%2CETH%2FUSD%2CSOL%2FUSD "HTTP/1.1 200 OK"
2026-02-22 19:15:29,929 INFO httpx HTTP Request: GET https://data.alpaca.markets/v1beta3/crypto/us/snapshots?symbols=BTC%2FUSD%2CETH%2FUSD%2CSOL%2FUSD "HTTP/1.1 200 OK"
2026-02-22 19:15:35,270 INFO httpx HTTP Request: GET https://data.alpaca.markets/v1beta3/crypto/us/snapshots?symbols=BTC%2FUSD%2CETH%2FUSD%2CSOL%2FUSD "HTTP/1.1 200 OK"
2026-02-22 19:15:40,588 INFO httpx HTTP Request: GET https://data.alpaca.markets/v1beta3/crypto/us/snapshots?symbols=BTC%2FUSD%2CETH%2FUSD%2CSOL%2FUSD "HTTP/1.1 200 OK"
2026-02-22 19:15:45,904 INFO httpx HTTP Request: GET https://data.alpaca.markets/v1beta3/crypto/us/snapshots?symbols=BTC%2FUSD%2CETH%2FUSD%2CSOL%2FUSD "HTTP/1.1 200 OK"
2026-02-22 19:15:48,817 INFO httpx HTTP Request: GET https://data.alpaca.markets/v2/stocks/snapshots?symbols=AAPL%2CAMZN%2CGLD%2CGME%2CKO%2CMETA%2CNVDA%2CPG%2CSPY%2CTLT%2CTSLA%2CWMT&feed=iex "HTTP/1.1 200 OK"
2026-02-22 19:15:51,230 INFO httpx HTTP Request: GET https://data.alpaca.markets/v1beta3/crypto/us/snapshots?symbols=BTC%2FUSD%2CETH%2FUSD%2CSOL%2FUSD "HTTP/1.1 200 OK"
2026-02-22 19:15:56,566 INFO httpx HTTP Request: GET https://data.alpaca.markets/v1beta3/crypto/us/snapshots?symbols=BTC%2FUSD%2CETH%2FUSD%2CSOL%2FUSD "HTTP/1.1 200 OK"
2026-02-22 19:16:01,897 INFO httpx HTTP Request: GET https://data.alpaca.markets/v1beta3/crypto/us/snapshots?symbols=BTC%2FUSD%2CETH%2FUSD%2CSOL%2FUSD "HTTP/1.1 200 OK"
2026-02-22 19:16:07,222 INFO httpx HTTP Request: GET https://data.alpaca.markets/v1beta3/crypto/us/snapshots?symbols=BTC%2FUSD%2CETH%2FUSD%2CSOL%2FUSD "HTTP/1.1 200 OK"
2026-02-22 19:16:12,580 INFO httpx HTTP Request: GET https://data.alpaca.markets/v1beta3/crypto/us/snapshots?symbols=BTC%2FUSD%2CETH%2FUSD%2CSOL%2FUSD "HTTP/1.1 200 OK"
2026-02-22 19:16:17,921 INFO httpx HTTP Request: GET https://data.alpaca.markets/v1beta3/crypto/us/snapshots?symbols=BTC%2FUSD%2CETH%2FUSD%2CSOL%2FUSD "HTTP/1.1 200 OK"
2026-02-22 19:16:23,235 INFO httpx HTTP Request: GET https://data.alpaca.markets/v1beta3/crypto/us/snapshots?symbols=BTC%2FUSD%2CETH%2FUSD%2CSOL%2FUSD "HTTP/1.1 200 OK"
2026-02-22 19:16:28,574 INFO httpx HTTP Request: GET https://data.alpaca.markets/v1beta3/crypto/us/snapshots?symbols=BTC%2FUSD%2CETH%2FUSD%2CSOL%2FUSD "HTTP/1.1 200 OK"
2026-02-22 19:16:33,897 INFO httpx HTTP Request: GET https://data.alpaca.markets/v1beta3/crypto/us/snapshots?symbols=BTC%2FUSD%2CETH%2FUSD%2CSOL%2FUSD "HTTP/1.1 200 OK"
2026-02-22 19:16:39,579 INFO httpx HTTP Request: GET https://data.alpaca.markets/v1beta3/crypto/us/snapshots?symbols=BTC%2FUSD%2CETH%2FUSD%2CSOL%2FUSD "HTTP/1.1 200 OK"
2026-02-22 19:16:44,908 INFO httpx HTTP Request: GET https://data.alpaca.markets/v1beta3/crypto/us/snapshots?symbols=BTC%2FUSD%2CETH%2FUSD%2CSOL%2FUSD "HTTP/1.1 200 OK"
2026-02-22 19:16:49,143 INFO httpx HTTP Request: GET https://data.alpaca.markets/v2/stocks/snapshots?symbols=AAPL%2CAMZN%2CGLD%2CGME%2CKO%2CMETA%2CNVDA%2CPG%2CSPY%2CTLT%2CTSLA%2CWMT&feed=iex "HTTP/1.1 200 OK"
2026-02-22 19:16:50,253 INFO httpx HTTP Request: GET https://data.alpaca.markets/v1beta3/crypto/us/snapshots?symbols=BTC%2FUSD%2CETH%2FUSD%2CSOL%2FUSD "HTTP/1.1 200 OK"
2026-02-22 19:16:55,573 INFO httpx HTTP Request: GET https://data.alpaca.markets/v1beta3/crypto/us/snapshots?symbols=BTC%2FUSD%2CETH%2FUSD%2CSOL%2FUSD "HTTP/1.1 200 OK"
2026-02-22 19:17:00,909 INFO httpx HTTP Request: GET https://data.alpaca.markets/v1beta3/crypto/us/snapshots?symbols=BTC%2FUSD%2CETH%2FUSD%2CSOL%2FUSD "HTTP/1.1 200 OK"
2026-02-22 19:17:06,368 INFO httpx HTTP Request: GET https://data.alpaca.markets/v1beta3/crypto/us/snapshots?symbols=BTC%2FUSD%2CETH%2FUSD%2CSOL%2FUSD "HTTP/1.1 200 OK"
2026-02-22 19:17:11,690 INFO httpx HTTP Request: GET https://data.alpaca.markets/v1beta3/crypto/us/snapshots?symbols=BTC%2FUSD%2CETH%2FUSD%2CSOL%2FUSD "HTTP/1.1 200 OK"
2026-02-22 19:17:16,992 INFO httpx HTTP Request: GET https://data.alpaca.markets/v1beta3/crypto/us/snapshots?symbols=BTC%2FUSD%2CETH%2FUSD%2CSOL%2FUSD "HTTP/1.1 200 OK"
2026-02-22 19:17:22,312 INFO httpx HTTP Request: GET https://data.alpaca.markets/v1beta3/crypto/us/snapshots?symbols=BTC%2FUSD%2CETH%2FUSD%2CSOL%2FUSD "HTTP/1.1 200 OK"
2026-02-22 19:17:27,633 INFO httpx HTTP Request: GET https://data.alpaca.markets/v1beta3/crypto/us/snapshots?symbols=BTC%2FUSD%2CETH%2FUSD%2CSOL%2FUSD "HTTP/1.1 200 OK"
2026-02-22 19:17:32,956 INFO httpx HTTP Request: GET https://data.alpaca.markets/v1beta3/crypto/us/snapshots?symbols=BTC%2FUSD%2CETH%2FUSD%2CSOL%2FUSD "HTTP/1.1 200 OK"
2026-02-22 19:17:38,288 INFO httpx HTTP Request: GET https://data.alpaca.markets/v1beta3/crypto/us/snapshots?symbols=BTC%2FUSD%2CETH%2FUSD%2CSOL%2FUSD "HTTP/1.1 200 OK"
2026-02-22 19:17:43,613 INFO httpx HTTP Request: GET https://data.alpaca.markets/v1beta3/crypto/us/snapshots?symbols=BTC%2FUSD%2CETH%2FUSD%2CSOL%2FUSD "HTTP/1.1 200 OK"
2026-02-22 19:17:48,934 INFO httpx HTTP Request: GET https://data.alpaca.markets/v1beta3/crypto/us/snapshots?symbols=BTC%2FUSD%2CETH%2FUSD%2CSOL%2FUSD "HTTP/1.1 200 OK"
2026-02-22 19:17:49,446 INFO httpx HTTP Request: GET https://data.alpaca.markets/v2/stocks/snapshots?symbols=AAPL%2CAMZN%2CGLD%2CGME%2CKO%2CMETA%2CNVDA%2CPG%2CSPY%2CTLT%2CTSLA%2CWMT&feed=iex "HTTP/1.1 200 OK"
2026-02-22 19:17:54,251 INFO httpx HTTP Request: GET https://data.alpaca.markets/v1beta3/crypto/us/snapshots?symbols=BTC%2FUSD%2CETH%2FUSD%2CSOL%2FUSD "HTTP/1.1 200 OK"
2026-02-22 19:17:59,563 INFO httpx HTTP Request: GET https://data.alpaca.markets/v1beta3/crypto/us/snapshots?symbols=BTC%2FUSD%2CETH%2FUSD%2CSOL%2FUSD "HTTP/1.1 200 OK"
2026-02-22 19:18:04,881 INFO httpx HTTP Request: GET https://data.alpaca.markets/v1beta3/crypto/us/snapshots?symbols=BTC%2FUSD%2CETH%2FUSD%2CSOL%2FUSD "HTTP/1.1 200 OK"
2026-02-22 19:18:10,220 INFO httpx HTTP Request: GET https://data.alpaca.markets/v1beta3/crypto/us/snapshots?symbols=BTC%2FUSD%2CETH%2FUSD%2CSOL%2FUSD "HTTP/1.1 200 OK"
2026-02-22 19:18:15,579 INFO httpx HTTP Request: GET https://data.alpaca.markets/v1beta3/crypto/us/snapshots?symbols=BTC%2FUSD%2CETH%2FUSD%2CSOL%2FUSD "HTTP/1.1 200 OK"
2026-02-22 19:18:20,909 INFO httpx HTTP Request: GET https://data.alpaca.markets/v1beta3/crypto/us/snapshots?symbols=BTC%2FUSD%2CETH%2FUSD%2CSOL%2FUSD "HTTP/1.1 200 OK"
2026-02-22 19:18:26,248 INFO httpx HTTP Request: GET https://data.alpaca.markets/v1beta3/crypto/us/snapshots?symbols=BTC%2FUSD%2CETH%2FUSD%2CSOL%2FUSD "HTTP/1.1 200 OK"
2026-02-22 19:18:31,585 INFO httpx HTTP Request: GET https://data.alpaca.markets/v1beta3/crypto/us/snapshots?symbols=BTC%2FUSD%2CETH%2FUSD%2CSOL%2FUSD "HTTP/1.1 200 OK"
2026-02-22 19:18:36,911 INFO httpx HTTP Request: GET https://data.alpaca.markets/v1beta3/crypto/us/snapshots?symbols=BTC%2FUSD%2CETH%2FUSD%2CSOL%2FUSD "HTTP/1.1 200 OK"
2026-02-22 19:18:42,240 INFO httpx HTTP Request: GET https://data.alpaca.markets/v1beta3/crypto/us/snapshots?symbols=BTC%2FUSD%2CETH%2FUSD%2CSOL%2FUSD "HTTP/1.1 200 OK"
2026-02-22 19:18:47,557 INFO httpx HTTP Request: GET https://data.alpaca.markets/v1beta3/crypto/us/snapshots?symbols=BTC%2FUSD%2CETH%2FUSD%2CSOL%2FUSD "HTTP/1.1 200 OK"
2026-02-22 19:18:49,781 INFO httpx HTTP Request: GET https://data.alpaca.markets/v2/stocks/snapshots?symbols=AAPL%2CAMZN%2CGLD%2CGME%2CKO%2CMETA%2CNVDA%2CPG%2CSPY%2CTLT%2CTSLA%2CWMT&feed=iex "HTTP/1.1 200 OK"
2026-02-22 19:18:52,893 INFO httpx HTTP Request: GET https://data.alpaca.markets/v1beta3/crypto/us/snapshots?symbols=BTC%2FUSD%2CETH%2FUSD%2CSOL%2FUSD "HTTP/1.1 200 OK"
2026-02-22 19:18:58,236 INFO httpx HTTP Request: GET https://data.alpaca.markets/v1beta3/crypto/us/snapshots?symbols=BTC%2FUSD%2CETH%2FUSD%2CSOL%2FUSD "HTTP/1.1 200 OK"
2026-02-22 19:19:03,564 INFO httpx HTTP Request: GET https://data.alpaca.markets/v1beta3/crypto/us/snapshots?symbols=BTC%2FUSD%2CETH%2FUSD%2CSOL%2FUSD "HTTP/1.1 200 OK"
2026-02-22 19:19:08,887 INFO httpx HTTP Request: GET https://data.alpaca.markets/v1beta3/crypto/us/snapshots?symbols=BTC%2FUSD%2CETH%2FUSD%2CSOL%2FUSD "HTTP/1.1 200 OK"
2026-02-22 19:19:14,199 INFO httpx HTTP Request: GET https://data.alpaca.markets/v1beta3/crypto/us/snapshots?symbols=BTC%2FUSD%2CETH%2FUSD%2CSOL%2FUSD "HTTP/1.1 200 OK"
2026-02-22 19:19:19,538 INFO httpx HTTP Request: GET https://data.alpaca.markets/v1beta3/crypto/us/snapshots?symbols=BTC%2FUSD%2CETH%2FUSD%2CSOL%2FUSD "HTTP/1.1 200 OK"
2026-02-22 19:19:24,846 INFO httpx HTTP Request: GET https://data.alpaca.markets/v1beta3/crypto/us/snapshots?symbols=BTC%2FUSD%2CETH%2FUSD%2CSOL%2FUSD "HTTP/1.1 200 OK"
2026-02-22 19:19:30,157 INFO httpx HTTP Request: GET https://data.alpaca.markets/v1beta3/crypto/us/snapshots?symbols=BTC%2FUSD%2CETH%2FUSD%2CSOL%2FUSD "HTTP/1.1 200 OK"
2026-02-22 19:19:35,471 INFO httpx HTTP Request: GET https://data.alpaca.markets/v1beta3/crypto/us/snapshots?symbols=BTC%2FUSD%2CETH%2FUSD%2CSOL%2FUSD "HTTP/1.1 200 OK"
2026-02-22 19:19:40,785 INFO httpx HTTP Request: GET https://data.alpaca.markets/v1beta3/crypto/us/snapshots?symbols=BTC%2FUSD%2CETH%2FUSD%2CSOL%2FUSD "HTTP/1.1 200 OK"
2026-02-22 19:19:46,105 INFO httpx HTTP Request: GET https://data.alpaca.markets/v1beta3/crypto/us/snapshots?symbols=BTC%2FUSD%2CETH%2FUSD%2CSOL%2FUSD "HTTP/1.1 200 OK"
2026-02-22 19:19:50,107 INFO httpx HTTP Request: GET https://data.alpaca.markets/v2/stocks/snapshots?symbols=AAPL%2CAMZN%2CGLD%2CGME%2CKO%2CMETA%2CNVDA%2CPG%2CSPY%2CTLT%2CTSLA%2CWMT&feed=iex "HTTP/1.1 200 OK"
2026-02-22 19:19:51,426 INFO httpx HTTP Request: GET https://data.alpaca.markets/v1beta3/crypto/us/snapshots?symbols=BTC%2FUSD%2CETH%2FUSD%2CSOL%2FUSD "HTTP/1.1 200 OK"
2026-02-22 19:19:56,805 INFO httpx HTTP Request: GET https://data.alpaca.markets/v1beta3/crypto/us/snapshots?symbols=BTC%2FUSD%2CETH%2FUSD%2CSOL%2FUSD "HTTP/1.1 200 OK"
2026-02-22 19:20:02,139 INFO httpx HTTP Request: GET https://data.alpaca.markets/v1beta3/crypto/us/snapshots?symbols=BTC%2FUSD%2CETH%2FUSD%2CSOL%2FUSD "HTTP/1.1 200 OK"
2026-02-22 19:20:07,458 INFO httpx HTTP Request: GET https://data.alpaca.markets/v1beta3/crypto/us/snapshots?symbols=BTC%2FUSD%2CETH%2FUSD%2CSOL%2FUSD "HTTP/1.1 200 OK"
2026-02-22 19:20:12,788 INFO httpx HTTP Request: GET https://data.alpaca.markets/v1beta3/crypto/us/snapshots?symbols=BTC%2FUSD%2CETH%2FUSD%2CSOL%2FUSD "HTTP/1.1 200 OK"
2026-02-22 19:20:15,969 INFO trading_ai shutdown_signal_received
